[debug] [2026-02-27T17:27:21.516Z] ----------------------------------------------------------------------
[debug] [2026-02-27T17:27:21.518Z] Command:       /Users/avrielmoscovitz/.nvm/versions/node/v20.19.6/bin/node /Users/avrielmoscovitz/.nvm/versions/node/v20.19.6/bin/firebase emulators:start --only functions,firestore
[debug] [2026-02-27T17:27:21.518Z] CLI Version:   15.8.0
[debug] [2026-02-27T17:27:21.518Z] Platform:      darwin
[debug] [2026-02-27T17:27:21.518Z] Node Version:  v20.19.6
[debug] [2026-02-27T17:27:21.518Z] Time:          Fri Feb 27 2026 19:27:21 GMT+0200 (Israel Standard Time)
[debug] [2026-02-27T17:27:21.518Z] ----------------------------------------------------------------------
[debug] 
[debug] [2026-02-27T17:27:22.339Z] > command requires scopes: ["email","openid","https://www.googleapis.com/auth/cloudplatformprojects.readonly","https://www.googleapis.com/auth/firebase","https://www.googleapis.com/auth/cloud-platform"]
[debug] [2026-02-27T17:27:22.340Z] > authorizing via signed-in user (avrielmos@gmail.com)
[debug] [2026-02-27T17:27:22.504Z] openjdk version "21.0.10" 2026-01-20 LTS

[debug] [2026-02-27T17:27:22.504Z] OpenJDK Runtime Environment Temurin-21.0.10+7 (build 21.0.10+7-LTS)
OpenJDK 64-Bit Server VM Temurin-21.0.10+7 (build 21.0.10+7-LTS, mixed mode, sharing)

[debug] [2026-02-27T17:27:22.506Z] Parsed Java major version: 21
[info] i  emulators: Starting emulators: functions, firestore {"metadata":{"emulator":{"name":"hub"},"message":"Starting emulators: functions, firestore"}}
[debug] [2026-02-27T17:27:23.174Z] [logging] Logging Emulator only supports listening on one address (127.0.0.1). Not listening on ::1
[debug] [2026-02-27T17:27:23.174Z] [firestore] Firestore Emulator only supports listening on one address (127.0.0.1). Not listening on ::1
[debug] [2026-02-27T17:27:23.175Z] [firestore.websocket] websocket server for firestore only supports listening on one address (127.0.0.1). Not listening on ::1
[debug] [2026-02-27T17:27:23.175Z] assigned listening specs for emulators {"user":{"hub":[{"address":"127.0.0.1","family":"IPv4","port":4400},{"address":"::1","family":"IPv6","port":4400}],"ui":[{"address":"127.0.0.1","family":"IPv4","port":4000},{"address":"::1","family":"IPv6","port":4000}],"logging":[{"address":"127.0.0.1","family":"IPv4","port":4500}],"firestore":[{"address":"127.0.0.1","family":"IPv4","port":8080}],"firestore.websocket":[{"address":"127.0.0.1","family":"IPv4","port":9150}]},"metadata":{"message":"assigned listening specs for emulators"}}
[debug] [2026-02-27T17:27:23.178Z] Write emulator hub locator at /var/folders/yt/xy1shw6s3vqfz72wtfzwcdqw0000gn/T/hub-calorie-tracker-68b6d.json
[debug] [2026-02-27T17:27:23.571Z] [functions] Functions Emulator only supports listening on one address (127.0.0.1). Not listening on ::1
[debug] [2026-02-27T17:27:23.571Z] [eventarc] Eventarc Emulator only supports listening on one address (127.0.0.1). Not listening on ::1
[debug] [2026-02-27T17:27:23.571Z] [tasks] Cloud Tasks Emulator only supports listening on one address (127.0.0.1). Not listening on ::1
[debug] [2026-02-27T17:27:23.571Z] late-assigned ports for functions and eventarc emulators {"user":{"hub":[{"address":"127.0.0.1","family":"IPv4","port":4400},{"address":"::1","family":"IPv6","port":4400}],"ui":[{"address":"127.0.0.1","family":"IPv4","port":4000},{"address":"::1","family":"IPv6","port":4000}],"logging":[{"address":"127.0.0.1","family":"IPv4","port":4500}],"firestore":[{"address":"127.0.0.1","family":"IPv4","port":8080}],"firestore.websocket":[{"address":"127.0.0.1","family":"IPv4","port":9150}],"functions":[{"address":"127.0.0.1","family":"IPv4","port":5001}],"eventarc":[{"address":"127.0.0.1","family":"IPv4","port":9299}],"tasks":[{"address":"127.0.0.1","family":"IPv4","port":9499}]},"metadata":{"message":"late-assigned ports for functions and eventarc emulators"}}
[warn] ⚠  functions: The following emulators are not running, calls to these services from the Functions emulator will affect production: apphosting, auth, database, hosting, pubsub, storage, dataconnect {"metadata":{"emulator":{"name":"functions"},"message":"The following emulators are not running, calls to these services from the Functions emulator will affect production: \u001b[1mapphosting, auth, database, hosting, pubsub, storage, dataconnect\u001b[22m"}}
[debug] [2026-02-27T17:27:23.578Z] defaultcredentials: writing to file /Users/avrielmoscovitz/.config/firebase/avrielmos_gmail_com_application_default_credentials.json
[debug] [2026-02-27T17:27:23.579Z] Setting GAC to /Users/avrielmoscovitz/.config/firebase/avrielmos_gmail_com_application_default_credentials.json {"metadata":{"emulator":{"name":"functions"},"message":"Setting GAC to /Users/avrielmoscovitz/.config/firebase/avrielmos_gmail_com_application_default_credentials.json"}}
[debug] [2026-02-27T17:27:23.579Z] Checked if tokens are valid: false, expires at: 1772213941497
[debug] [2026-02-27T17:27:23.579Z] Checked if tokens are valid: false, expires at: 1772213941497
[debug] [2026-02-27T17:27:23.579Z] > refreshing access token with scopes: []
[debug] [2026-02-27T17:27:23.580Z] >>> [apiv2][query] POST https://www.googleapis.com/oauth2/v3/token [none]
[debug] [2026-02-27T17:27:23.580Z] >>> [apiv2][body] POST https://www.googleapis.com/oauth2/v3/token [omitted]
[debug] [2026-02-27T17:27:23.780Z] <<< [apiv2][status] POST https://www.googleapis.com/oauth2/v3/token 200
[debug] [2026-02-27T17:27:23.780Z] <<< [apiv2][body] POST https://www.googleapis.com/oauth2/v3/token [omitted]
[debug] [2026-02-27T17:27:23.792Z] >>> [apiv2][query] GET https://firebase.googleapis.com/v1beta1/projects/calorie-tracker-68b6d/adminSdkConfig [none]
[debug] [2026-02-27T17:27:24.154Z] <<< [apiv2][status] GET https://firebase.googleapis.com/v1beta1/projects/calorie-tracker-68b6d/adminSdkConfig 200
[debug] [2026-02-27T17:27:24.155Z] <<< [apiv2][body] GET https://firebase.googleapis.com/v1beta1/projects/calorie-tracker-68b6d/adminSdkConfig {"projectId":"calorie-tracker-68b6d","storageBucket":"calorie-tracker-68b6d.firebasestorage.app"}
[debug] [2026-02-27T17:27:24.174Z] Ignoring unsupported arg: auto_download {"metadata":{"emulator":{"name":"firestore"},"message":"Ignoring unsupported arg: auto_download"}}
[debug] [2026-02-27T17:27:24.175Z] Ignoring unsupported arg: single_project_mode_error {"metadata":{"emulator":{"name":"firestore"},"message":"Ignoring unsupported arg: single_project_mode_error"}}
[debug] [2026-02-27T17:27:24.175Z] Starting Firestore Emulator with command {"binary":"java","args":["-Dgoogle.cloud_firestore.debug_log_level=FINE","-Duser.language=en","-jar","/Users/avrielmoscovitz/.cache/firebase/emulators/cloud-firestore-emulator-v1.20.2.jar","--host","127.0.0.1","--port",8080,"--websocket_port",9150,"--project_id","calorie-tracker-68b6d","--rules","/Users/avrielmoscovitz/Documents/projects/personal/calorie_tracker/firestore.rules","--single_project_mode",true,"--functions_emulator","127.0.0.1:5001"],"optionalArgs":["port","webchannel_port","host","rules","websocket_port","functions_emulator","seed_from_export","project_id","single_project_mode"],"joinArgs":false,"shell":false,"port":8080} {"metadata":{"emulator":{"name":"firestore"},"message":"Starting Firestore Emulator with command {\"binary\":\"java\",\"args\":[\"-Dgoogle.cloud_firestore.debug_log_level=FINE\",\"-Duser.language=en\",\"-jar\",\"/Users/avrielmoscovitz/.cache/firebase/emulators/cloud-firestore-emulator-v1.20.2.jar\",\"--host\",\"127.0.0.1\",\"--port\",8080,\"--websocket_port\",9150,\"--project_id\",\"calorie-tracker-68b6d\",\"--rules\",\"/Users/avrielmoscovitz/Documents/projects/personal/calorie_tracker/firestore.rules\",\"--single_project_mode\",true,\"--functions_emulator\",\"127.0.0.1:5001\"],\"optionalArgs\":[\"port\",\"webchannel_port\",\"host\",\"rules\",\"websocket_port\",\"functions_emulator\",\"seed_from_export\",\"project_id\",\"single_project_mode\"],\"joinArgs\":false,\"shell\":false,\"port\":8080}"}}
[info] i  firestore: Firestore Emulator logging to firestore-debug.log {"metadata":{"emulator":{"name":"firestore"},"message":"Firestore Emulator logging to \u001b[1mfirestore-debug.log\u001b[22m"}}
[debug] [2026-02-27T17:27:25.076Z] Feb 27, 2026 7:27:25 PM com.google.cloud.datastore.emulator.firestore.websocket.WebSocketServer start
INFO: Started WebSocket server on ws://127.0.0.1:9150
 {"metadata":{"emulator":{"name":"firestore"},"message":"Feb 27, 2026 7:27:25 PM com.google.cloud.datastore.emulator.firestore.websocket.WebSocketServer start\nINFO: Started WebSocket server on ws://127.0.0.1:9150\n"}}
[debug] [2026-02-27T17:27:25.094Z] API endpoint: http:// {"metadata":{"emulator":{"name":"firestore"},"message":"API endpoint: http://"}}
[debug] [2026-02-27T17:27:25.094Z] 127.0.0.1:8080
If you are using a library that supports the FIRESTORE_EMULATOR_HOST environment variable, run:

   export FIRESTORE_EMULATOR_HOST=127.0.0.1:8080

If you are running a Firestore in Datastore Mode project, run:

   export DATASTORE_EMULATOR_HOST=127.0.0.1:8080

Note: Support for Datastore Mode is in preview. If you encounter any bugs please file at https://github.com/firebase/firebase-tools/issues.
Dev App Server is now running.

 {"metadata":{"emulator":{"name":"firestore"},"message":"127.0.0.1:8080\nIf you are using a library that supports the FIRESTORE_EMULATOR_HOST environment variable, run:\n\n   export FIRESTORE_EMULATOR_HOST=127.0.0.1:8080\n\nIf you are running a Firestore in Datastore Mode project, run:\n\n   export DATASTORE_EMULATOR_HOST=127.0.0.1:8080\n\nNote: Support for Datastore Mode is in preview. If you encounter any bugs please file at https://github.com/firebase/firebase-tools/issues.\nDev App Server is now running.\n\n"}}
[info] ✔  firestore: Firestore Emulator UI websocket is running on 9150. {"metadata":{"emulator":{"name":"firestore"},"message":"Firestore Emulator UI websocket is running on 9150."}}
[info] i  functions: Watching "/Users/avrielmoscovitz/Documents/projects/personal/calorie_tracker/functions" for Cloud Functions... {"metadata":{"emulator":{"name":"functions"},"message":"Watching \"/Users/avrielmoscovitz/Documents/projects/personal/calorie_tracker/functions\" for Cloud Functions..."}}
[debug] [2026-02-27T17:27:25.193Z] Validating nodejs source
[warn] ⚠  functions: package.json indicates an outdated version of firebase-functions. Please upgrade using npm install --save firebase-functions@latest in your functions directory. 
[warn] ⚠  functions: Please note that there will be breaking changes when you upgrade. 
[debug] [2026-02-27T17:27:25.649Z] > [functions] package.json contents: {
  "name": "functions",
  "private": true,
  "main": "lib/index.js",
  "types": "lib/index.d.ts",
  "engines": {
    "node": "20"
  },
  "scripts": {
    "build": "tsc -p tsconfig.json",
    "serve": "firebase emulators:start --only functions,firestore",
    "deploy": "firebase deploy --only functions"
  },
  "dependencies": {
    "@google/generative-ai": "^0.24.1",
    "cors": "^2.8.5",
    "express": "^4.19.2",
    "firebase-admin": "^13.5.0",
    "firebase-functions": "^6.4.0",
    "uuid": "^11.1.0",
    "zod": "^4.1.5"
  },
  "devDependencies": {
    "@types/cors": "^2.8.18",
    "@types/express": "^4.17.21",
    "typescript": "^5.8.3"
  }
}
[debug] [2026-02-27T17:27:25.649Z] Building nodejs source
[debug] [2026-02-27T17:27:25.649Z] Failed to find version of module node: reached end of search path /Users/avrielmoscovitz/Documents/projects/personal/calorie_tracker/functions/node_modules
[info] ✔  functions: Using node@20 from host. 
[debug] [2026-02-27T17:27:25.651Z] Could not find functions.yaml. Must use http discovery
[debug] [2026-02-27T17:27:25.658Z] Found firebase-functions binary at '/Users/avrielmoscovitz/Documents/projects/personal/calorie_tracker/node_modules/.bin/firebase-functions'
[info] Serving at port 8676

[debug] [2026-02-27T17:27:26.039Z] Got response from /__/functions.yaml {"endpoints":{"api":{"availableMemoryMb":null,"timeoutSeconds":null,"minInstances":null,"maxInstances":null,"ingressSettings":null,"concurrency":null,"serviceAccountEmail":null,"vpc":null,"platform":"gcfv2","region":["us-central1"],"secretEnvironmentVariables":[{"key":"BACKEND_API_KEY"},{"key":"GEMINI_API_KEY"}],"labels":{},"httpsTrigger":{},"entryPoint":"api"}},"specVersion":"v1alpha1","requiredAPIs":[],"extensions":{},"params":[{"type":"secret","name":"BACKEND_API_KEY"},{"type":"secret","name":"GEMINI_API_KEY"}]}
[info] ✔  functions: Loaded functions definitions from source: api. {"metadata":{"emulator":{"name":"functions"},"message":"Loaded functions definitions from source: api."}}
[info] ✔  functions[us-central1-api]: http function initialized (http://127.0.0.1:5001/calorie-tracker-68b6d/us-central1/api). {"metadata":{"emulator":{"name":"functions"},"message":"\u001b[1mhttp\u001b[22m function initialized (http://127.0.0.1:5001/calorie-tracker-68b6d/us-central1/api)."}}
[debug] [2026-02-27T17:27:30.059Z] Could not find VSCode notification endpoint: FetchError: request to http://localhost:40001/vscode/notify failed, reason: . If you are not running the Firebase Data Connect VSCode extension, this is expected and not an issue.
[info] 
┌─────────────────────────────────────────────────────────────┐
│ ✔  All emulators ready! It is now safe to connect your app. │
│ i  View Emulator UI at http://127.0.0.1:4000/               │
└─────────────────────────────────────────────────────────────┘

┌───────────┬────────────────┬─────────────────────────────────┐
│ Emulator  │ Host:Port      │ View in Emulator UI             │
├───────────┼────────────────┼─────────────────────────────────┤
│ Functions │ 127.0.0.1:5001 │ http://127.0.0.1:4000/functions │
├───────────┼────────────────┼─────────────────────────────────┤
│ Firestore │ 127.0.0.1:8080 │ http://127.0.0.1:4000/firestore │
└───────────┴────────────────┴─────────────────────────────────┘
  Emulator Hub host: 127.0.0.1 port: 4400
  Other reserved ports: 4500, 9150

Issues? Report them at https://github.com/firebase/firebase-tools/issues and attach the *-debug.log files.
 
[debug] [2026-02-27T17:28:27.975Z] [work-queue] {"queuedWork":["/calorie-tracker-68b6d/us-central1/api/profile/me-2026-02-27T17:28:27.975Z"],"queueLength":1,"runningWork":[],"workRunningCount":0}
[debug] [2026-02-27T17:28:27.976Z] [work-queue] {"queuedWork":[],"queueLength":0,"runningWork":["/calorie-tracker-68b6d/us-central1/api/profile/me-2026-02-27T17:28:27.975Z"],"workRunningCount":1}
[debug] [2026-02-27T17:28:27.977Z] Accepted request OPTIONS /calorie-tracker-68b6d/us-central1/api/profile/me --> us-central1-api
[debug] [2026-02-27T17:28:27.980Z] [functions] Runtime ready! Sending request! {"metadata":{"emulator":{"name":"functions"},"message":"[functions] Runtime ready! Sending request!"}}
[debug] [2026-02-27T17:28:27.981Z] [functions] Got req.url=/calorie-tracker-68b6d/us-central1/api/profile/me, mapping to path=/profile/me {"metadata":{"emulator":{"name":"functions"},"message":"[functions] Got req.url=/calorie-tracker-68b6d/us-central1/api/profile/me, mapping to path=/profile/me"}}
[info] i  functions: Trying to access secret BACKEND_API_KEY@latest {"metadata":{"emulator":{"name":"functions"},"message":"Trying to access secret BACKEND_API_KEY@latest"}}
[debug] [2026-02-27T17:28:27.983Z] Checked if tokens are valid: true, expires at: 1772216842781
[debug] [2026-02-27T17:28:27.983Z] Checked if tokens are valid: true, expires at: 1772216842781
[info] i  functions: Trying to access secret GEMINI_API_KEY@latest {"metadata":{"emulator":{"name":"functions"},"message":"Trying to access secret GEMINI_API_KEY@latest"}}
[debug] [2026-02-27T17:28:27.984Z] Checked if tokens are valid: true, expires at: 1772216842781
[debug] [2026-02-27T17:28:27.984Z] Checked if tokens are valid: true, expires at: 1772216842781
[debug] [2026-02-27T17:28:27.984Z] >>> [apiv2][query] GET https://secretmanager.googleapis.com/v1/projects/calorie-tracker-68b6d/secrets/BACKEND_API_KEY/versions/latest:access [none]
[debug] [2026-02-27T17:28:27.985Z] >>> [apiv2][query] GET https://secretmanager.googleapis.com/v1/projects/calorie-tracker-68b6d/secrets/GEMINI_API_KEY/versions/latest:access [none]
[debug] [2026-02-27T17:28:28.247Z] <<< [apiv2][status] GET https://secretmanager.googleapis.com/v1/projects/calorie-tracker-68b6d/secrets/BACKEND_API_KEY/versions/latest:access 403
[debug] [2026-02-27T17:28:28.247Z] <<< [apiv2][body] GET https://secretmanager.googleapis.com/v1/projects/calorie-tracker-68b6d/secrets/BACKEND_API_KEY/versions/latest:access {"error":{"code":403,"message":"Secret Manager API has not been used in project calorie-tracker-68b6d before or it is disabled. Enable it by visiting https://console.developers.google.com/apis/api/secretmanager.googleapis.com/overview?project=calorie-tracker-68b6d then retry. If you enabled this API recently, wait a few minutes for the action to propagate to our systems and retry.","status":"PERMISSION_DENIED","details":[{"@type":"type.googleapis.com/google.rpc.ErrorInfo","reason":"SERVICE_DISABLED","domain":"googleapis.com","metadata":{"containerInfo":"calorie-tracker-68b6d","consumer":"projects/calorie-tracker-68b6d","activationUrl":"https://console.developers.google.com/apis/api/secretmanager.googleapis.com/overview?project=calorie-tracker-68b6d","serviceTitle":"Secret Manager API","service":"secretmanager.googleapis.com"}},{"@type":"type.googleapis.com/google.rpc.LocalizedMessage","locale":"en-US","message":"Secret Manager API has not been used in project calorie-tracker-68b6d before or it is disabled. Enable it by visiting https://console.developers.google.com/apis/api/secretmanager.googleapis.com/overview?project=calorie-tracker-68b6d then retry. If you enabled this API recently, wait a few minutes for the action to propagate to our systems and retry."},{"@type":"type.googleapis.com/google.rpc.Help","links":[{"description":"Google developers console API activation","url":"https://console.developers.google.com/apis/api/secretmanager.googleapis.com/overview?project=calorie-tracker-68b6d"}]}]}}
[debug] [2026-02-27T17:28:28.248Z] <<< [apiv2][status] GET https://secretmanager.googleapis.com/v1/projects/calorie-tracker-68b6d/secrets/GEMINI_API_KEY/versions/latest:access 403
[debug] [2026-02-27T17:28:28.248Z] <<< [apiv2][body] GET https://secretmanager.googleapis.com/v1/projects/calorie-tracker-68b6d/secrets/GEMINI_API_KEY/versions/latest:access {"error":{"code":403,"message":"Secret Manager API has not been used in project calorie-tracker-68b6d before or it is disabled. Enable it by visiting https://console.developers.google.com/apis/api/secretmanager.googleapis.com/overview?project=calorie-tracker-68b6d then retry. If you enabled this API recently, wait a few minutes for the action to propagate to our systems and retry.","status":"PERMISSION_DENIED","details":[{"@type":"type.googleapis.com/google.rpc.ErrorInfo","reason":"SERVICE_DISABLED","domain":"googleapis.com","metadata":{"service":"secretmanager.googleapis.com","serviceTitle":"Secret Manager API","activationUrl":"https://console.developers.google.com/apis/api/secretmanager.googleapis.com/overview?project=calorie-tracker-68b6d","consumer":"projects/calorie-tracker-68b6d","containerInfo":"calorie-tracker-68b6d"}},{"@type":"type.googleapis.com/google.rpc.LocalizedMessage","locale":"en-US","message":"Secret Manager API has not been used in project calorie-tracker-68b6d before or it is disabled. Enable it by visiting https://console.developers.google.com/apis/api/secretmanager.googleapis.com/overview?project=calorie-tracker-68b6d then retry. If you enabled this API recently, wait a few minutes for the action to propagate to our systems and retry."},{"@type":"type.googleapis.com/google.rpc.Help","links":[{"description":"Google developers console API activation","url":"https://console.developers.google.com/apis/api/secretmanager.googleapis.com/overview?project=calorie-tracker-68b6d"}]}]}}
[error] ⬢  functions: Unable to access secret environment variables from Google Cloud Secret Manager. Make sure the credential used for the Functions Emulator have access or provide override values in /Users/avrielmoscovitz/Documents/projects/personal/calorie_tracker/functions/.secret.local:
	FirebaseError: Request to https://secretmanager.googleapis.com/v1/projects/calorie-tracker-68b6d/secrets/BACKEND_API_KEY/versions/latest:access had HTTP Error: 403, Secret Manager API has not been used in project calorie-tracker-68b6d before or it is disabled. Enable it by visiting https://console.developers.google.com/apis/api/secretmanager.googleapis.com/overview?project=calorie-tracker-68b6d then retry. If you enabled this API recently, wait a few minutes for the action to propagate to our systems and retry.
	FirebaseError: Request to https://secretmanager.googleapis.com/v1/projects/calorie-tracker-68b6d/secrets/GEMINI_API_KEY/versions/latest:access had HTTP Error: 403, Secret Manager API has not been used in project calorie-tracker-68b6d before or it is disabled. Enable it by visiting https://console.developers.google.com/apis/api/secretmanager.googleapis.com/overview?project=calorie-tracker-68b6d then retry. If you enabled this API recently, wait a few minutes for the action to propagate to our systems and retry. {"metadata":{"emulator":{"name":"functions"},"message":"Unable to access secret environment variables from Google Cloud Secret Manager. Make sure the credential used for the Functions Emulator have access or provide override values in /Users/avrielmoscovitz/Documents/projects/personal/calorie_tracker/functions/.secret.local:\n\tFirebaseError: Request to https://secretmanager.googleapis.com/v1/projects/calorie-tracker-68b6d/secrets/BACKEND_API_KEY/versions/latest:access had HTTP Error: 403, Secret Manager API has not been used in project calorie-tracker-68b6d before or it is disabled. Enable it by visiting https://console.developers.google.com/apis/api/secretmanager.googleapis.com/overview?project=calorie-tracker-68b6d then retry. If you enabled this API recently, wait a few minutes for the action to propagate to our systems and retry.\n\tFirebaseError: Request to https://secretmanager.googleapis.com/v1/projects/calorie-tracker-68b6d/secrets/GEMINI_API_KEY/versions/latest:access had HTTP Error: 403, Secret Manager API has not been used in project calorie-tracker-68b6d before or it is disabled. Enable it by visiting https://console.developers.google.com/apis/api/secretmanager.googleapis.com/overview?project=calorie-tracker-68b6d then retry. If you enabled this API recently, wait a few minutes for the action to propagate to our systems and retry."}}
[debug] [2026-02-27T17:28:28.256Z] [worker-pool] addWorker(us-central1-api) {"metadata":{"emulator":{"name":"functions"},"message":"[worker-pool] addWorker(us-central1-api)"}}
[debug] [2026-02-27T17:28:28.257Z] [worker-pool] Adding worker with key us-central1-api, total=1 {"metadata":{"emulator":{"name":"functions"},"message":"[worker-pool] Adding worker with key us-central1-api, total=1"}}
[debug] [2026-02-27T17:28:29.293Z] [runtime-status] [68031] Resolved module firebase-admin {"declared":true,"installed":true,"version":"13.6.0","resolution":"/Users/avrielmoscovitz/Documents/projects/personal/calorie_tracker/node_modules/firebase-admin/lib/index.js"} {"metadata":{"emulator":{"name":"functions"},"function":{"name":"us-central1-api"},"extension":{},"message":"[runtime-status] [68031] Resolved module firebase-admin {\"declared\":true,\"installed\":true,\"version\":\"13.6.0\",\"resolution\":\"/Users/avrielmoscovitz/Documents/projects/personal/calorie_tracker/node_modules/firebase-admin/lib/index.js\"}"}}
[debug] [2026-02-27T17:28:29.293Z] [runtime-status] [68031] Resolved module firebase-functions {"declared":true,"installed":true,"version":"6.6.0","resolution":"/Users/avrielmoscovitz/Documents/projects/personal/calorie_tracker/node_modules/firebase-functions/lib/v2/index.js"} {"metadata":{"emulator":{"name":"functions"},"function":{"name":"us-central1-api"},"extension":{},"message":"[runtime-status] [68031] Resolved module firebase-functions {\"declared\":true,\"installed\":true,\"version\":\"6.6.0\",\"resolution\":\"/Users/avrielmoscovitz/Documents/projects/personal/calorie_tracker/node_modules/firebase-functions/lib/v2/index.js\"}"}}
[debug] [2026-02-27T17:28:29.294Z] [runtime-status] [68031] Outgoing network have been stubbed. [{"name":"http","status":"mocked"},{"name":"http","status":"mocked"},{"name":"https","status":"mocked"},{"name":"https","status":"mocked"},{"name":"net","status":"mocked"}] {"metadata":{"emulator":{"name":"functions"},"function":{"name":"us-central1-api"},"extension":{},"message":"[runtime-status] [68031] Outgoing network have been stubbed. [{\"name\":\"http\",\"status\":\"mocked\"},{\"name\":\"http\",\"status\":\"mocked\"},{\"name\":\"https\",\"status\":\"mocked\"},{\"name\":\"https\",\"status\":\"mocked\"},{\"name\":\"net\",\"status\":\"mocked\"}]"}}
[debug] [2026-02-27T17:28:29.294Z] [runtime-status] [68031] Resolved module firebase-functions {"declared":true,"installed":true,"version":"6.6.0","resolution":"/Users/avrielmoscovitz/Documents/projects/personal/calorie_tracker/node_modules/firebase-functions/lib/v2/index.js"} {"metadata":{"emulator":{"name":"functions"},"function":{"name":"us-central1-api"},"extension":{},"message":"[runtime-status] [68031] Resolved module firebase-functions {\"declared\":true,\"installed\":true,\"version\":\"6.6.0\",\"resolution\":\"/Users/avrielmoscovitz/Documents/projects/personal/calorie_tracker/node_modules/firebase-functions/lib/v2/index.js\"}"}}
[debug] [2026-02-27T17:28:29.461Z] [runtime-status] [68031] Resolved module firebase-admin {"declared":true,"installed":true,"version":"13.6.0","resolution":"/Users/avrielmoscovitz/Documents/projects/personal/calorie_tracker/node_modules/firebase-admin/lib/index.js"} {"metadata":{"emulator":{"name":"functions"},"function":{"name":"us-central1-api"},"extension":{},"message":"[runtime-status] [68031] Resolved module firebase-admin {\"declared\":true,\"installed\":true,\"version\":\"13.6.0\",\"resolution\":\"/Users/avrielmoscovitz/Documents/projects/personal/calorie_tracker/node_modules/firebase-admin/lib/index.js\"}"}}
[debug] [2026-02-27T17:28:29.462Z] [runtime-status] [68031] Resolved module firebase-functions {"declared":true,"installed":true,"version":"6.6.0","resolution":"/Users/avrielmoscovitz/Documents/projects/personal/calorie_tracker/node_modules/firebase-functions/lib/v2/index.js"} {"metadata":{"emulator":{"name":"functions"},"function":{"name":"us-central1-api"},"extension":{},"message":"[runtime-status] [68031] Resolved module firebase-functions {\"declared\":true,\"installed\":true,\"version\":\"6.6.0\",\"resolution\":\"/Users/avrielmoscovitz/Documents/projects/personal/calorie_tracker/node_modules/firebase-functions/lib/v2/index.js\"}"}}
[debug] [2026-02-27T17:28:29.542Z] [runtime-status] [68031] firebase-admin has been stubbed. {"adminResolution":{"declared":true,"installed":true,"version":"13.6.0","resolution":"/Users/avrielmoscovitz/Documents/projects/personal/calorie_tracker/node_modules/firebase-admin/lib/index.js"}} {"metadata":{"emulator":{"name":"functions"},"function":{"name":"us-central1-api"},"extension":{},"message":"[runtime-status] [68031] firebase-admin has been stubbed. {\"adminResolution\":{\"declared\":true,\"installed\":true,\"version\":\"13.6.0\",\"resolution\":\"/Users/avrielmoscovitz/Documents/projects/personal/calorie_tracker/node_modules/firebase-admin/lib/index.js\"}}"}}
[debug] [2026-02-27T17:28:29.648Z] [runtime-status] [68031] Functions runtime initialized. {"cwd":"/Users/avrielmoscovitz/Documents/projects/personal/calorie_tracker/functions","node_version":"20.19.6"} {"metadata":{"emulator":{"name":"functions"},"function":{"name":"us-central1-api"},"extension":{},"message":"[runtime-status] [68031] Functions runtime initialized. {\"cwd\":\"/Users/avrielmoscovitz/Documents/projects/personal/calorie_tracker/functions\",\"node_version\":\"20.19.6\"}"}}
[debug] [2026-02-27T17:28:29.648Z] [runtime-status] [68031] Listening to port: /var/folders/yt/xy1shw6s3vqfz72wtfzwcdqw0000gn/T/fire_emu_6d69b141579af771.sock {"metadata":{"emulator":{"name":"functions"},"function":{"name":"us-central1-api"},"extension":{},"message":"[runtime-status] [68031] Listening to port: /var/folders/yt/xy1shw6s3vqfz72wtfzwcdqw0000gn/T/fire_emu_6d69b141579af771.sock"}}
[debug] [2026-02-27T17:28:29.676Z] [worker-us-central1-api-fcb21639-4adb-4bf6-b53e-cfc90fcbccdb]: IDLE {"metadata":{"emulator":{"name":"functions"},"function":{"name":"us-central1-api"},"extension":{},"message":"[worker-us-central1-api-fcb21639-4adb-4bf6-b53e-cfc90fcbccdb]: IDLE"}}
[debug] [2026-02-27T17:28:29.676Z] [worker-pool] submitRequest(triggerId=us-central1-api) {"metadata":{"emulator":{"name":"functions"},"message":"[worker-pool] submitRequest(triggerId=us-central1-api)"}}
[info] i  functions: Beginning execution of "us-central1-api" {"metadata":{"emulator":{"name":"functions"},"function":{"name":"us-central1-api"},"extension":{},"message":"Beginning execution of \"us-central1-api\""}}
[debug] [2026-02-27T17:28:29.677Z] [worker-us-central1-api-fcb21639-4adb-4bf6-b53e-cfc90fcbccdb]: BUSY {"metadata":{"emulator":{"name":"functions"},"function":{"name":"us-central1-api"},"extension":{},"message":"[worker-us-central1-api-fcb21639-4adb-4bf6-b53e-cfc90fcbccdb]: BUSY"}}
[debug] [2026-02-27T17:28:29.679Z] Finishing up request with event=pause {"metadata":{"emulator":{"name":"functions"},"function":{"name":"us-central1-api"},"extension":{},"message":"Finishing up request with event=pause"}}
[info] i  functions: Finished "us-central1-api" in 2.346125ms {"metadata":{"emulator":{"name":"functions"},"function":{"name":"us-central1-api"},"extension":{},"message":"Finished \"us-central1-api\" in 2.346125ms"}}
[debug] [2026-02-27T17:28:29.679Z] [worker-us-central1-api-fcb21639-4adb-4bf6-b53e-cfc90fcbccdb]: IDLE {"metadata":{"emulator":{"name":"functions"},"function":{"name":"us-central1-api"},"extension":{},"message":"[worker-us-central1-api-fcb21639-4adb-4bf6-b53e-cfc90fcbccdb]: IDLE"}}
[debug] [2026-02-27T17:28:29.679Z] Finishing up request with event=finish {"metadata":{"emulator":{"name":"functions"},"function":{"name":"us-central1-api"},"extension":{},"message":"Finishing up request with event=finish"}}
[debug] [2026-02-27T17:28:29.679Z] Finishing up request with event=close {"metadata":{"emulator":{"name":"functions"},"function":{"name":"us-central1-api"},"extension":{},"message":"Finishing up request with event=close"}}
[debug] [2026-02-27T17:28:29.679Z] [work-queue] {"queuedWork":[],"queueLength":0,"runningWork":[],"workRunningCount":0}
[debug] [2026-02-27T17:28:29.681Z] [work-queue] {"queuedWork":["/calorie-tracker-68b6d/us-central1/api/profile/me-2026-02-27T17:28:29.681Z"],"queueLength":1,"runningWork":[],"workRunningCount":0}
[debug] [2026-02-27T17:28:29.681Z] [work-queue] {"queuedWork":[],"queueLength":0,"runningWork":["/calorie-tracker-68b6d/us-central1/api/profile/me-2026-02-27T17:28:29.681Z"],"workRunningCount":1}
[debug] [2026-02-27T17:28:29.681Z] Accepted request GET /calorie-tracker-68b6d/us-central1/api/profile/me --> us-central1-api
[debug] [2026-02-27T17:28:29.682Z] [functions] Runtime ready! Sending request! {"metadata":{"emulator":{"name":"functions"},"message":"[functions] Runtime ready! Sending request!"}}
[debug] [2026-02-27T17:28:29.682Z] [functions] Got req.url=/calorie-tracker-68b6d/us-central1/api/profile/me, mapping to path=/profile/me {"metadata":{"emulator":{"name":"functions"},"message":"[functions] Got req.url=/calorie-tracker-68b6d/us-central1/api/profile/me, mapping to path=/profile/me"}}
[debug] [2026-02-27T17:28:29.682Z] [worker-pool] submitRequest(triggerId=us-central1-api) {"metadata":{"emulator":{"name":"functions"},"message":"[worker-pool] submitRequest(triggerId=us-central1-api)"}}
[info] i  functions: Beginning execution of "us-central1-api" {"metadata":{"emulator":{"name":"functions"},"function":{"name":"us-central1-api"},"extension":{},"message":"Beginning execution of \"us-central1-api\""}}
[debug] [2026-02-27T17:28:29.682Z] [worker-us-central1-api-fcb21639-4adb-4bf6-b53e-cfc90fcbccdb]: BUSY {"metadata":{"emulator":{"name":"functions"},"function":{"name":"us-central1-api"},"extension":{},"message":"[worker-us-central1-api-fcb21639-4adb-4bf6-b53e-cfc90fcbccdb]: BUSY"}}
[info] >  {"authUid":"eKZa6c08UxUoVxEJ8BW8QxaNAW93","severity":"INFO","message":"[profile] getOrCreateProfile"} {"user":{"authUid":"eKZa6c08UxUoVxEJ8BW8QxaNAW93","severity":"INFO","message":"[profile] getOrCreateProfile"},"metadata":{"emulator":{"name":"functions"},"function":{"name":"us-central1-api"},"extension":{},"message":"\u001b[90m> \u001b[39m {\"authUid\":\"eKZa6c08UxUoVxEJ8BW8QxaNAW93\",\"severity\":\"INFO\",\"message\":\"[profile] getOrCreateProfile\"}"}}
[debug] [2026-02-27T17:28:29.965Z] Feb 27, 2026 7:28:29 PM io.gapi.emulators.netty.HttpVersionRoutingHandler channelRead
INFO: Detected HTTP/2 connection.
 {"metadata":{"emulator":{"name":"firestore"},"message":"Feb 27, 2026 7:28:29 PM io.gapi.emulators.netty.HttpVersionRoutingHandler channelRead\nINFO: Detected HTTP/2 connection.\n"}}
[warn] ⚠  Google API requested!
   - URL: "https://oauth2.googleapis.com/token"
   - Be careful, this may be a production service. {"metadata":{"emulator":{"name":"functions"},"function":{"name":"us-central1-api"},"extension":{},"message":"Google API requested!\n   - URL: \"https://oauth2.googleapis.com/token\"\n   - Be careful, this may be a production service."}}
[info] >  {"authUid":"eKZa6c08UxUoVxEJ8BW8QxaNAW93","userId":"2d2db945-39da-4d93-8b2b-34667ae5c6be","severity":"INFO","message":"[profile] created"} {"user":{"authUid":"eKZa6c08UxUoVxEJ8BW8QxaNAW93","userId":"2d2db945-39da-4d93-8b2b-34667ae5c6be","severity":"INFO","message":"[profile] created"},"metadata":{"emulator":{"name":"functions"},"function":{"name":"us-central1-api"},"extension":{},"message":"\u001b[90m> \u001b[39m {\"authUid\":\"eKZa6c08UxUoVxEJ8BW8QxaNAW93\",\"userId\":\"2d2db945-39da-4d93-8b2b-34667ae5c6be\",\"severity\":\"INFO\",\"message\":\"[profile] created\"}"}}
[debug] [2026-02-27T17:28:31.125Z] Finishing up request with event=pause {"metadata":{"emulator":{"name":"functions"},"function":{"name":"us-central1-api"},"extension":{},"message":"Finishing up request with event=pause"}}
[info] i  functions: Finished "us-central1-api" in 1443.2235ms {"metadata":{"emulator":{"name":"functions"},"function":{"name":"us-central1-api"},"extension":{},"message":"Finished \"us-central1-api\" in 1443.2235ms"}}
[debug] [2026-02-27T17:28:31.125Z] [worker-us-central1-api-fcb21639-4adb-4bf6-b53e-cfc90fcbccdb]: IDLE {"metadata":{"emulator":{"name":"functions"},"function":{"name":"us-central1-api"},"extension":{},"message":"[worker-us-central1-api-fcb21639-4adb-4bf6-b53e-cfc90fcbccdb]: IDLE"}}
[debug] [2026-02-27T17:28:31.125Z] Finishing up request with event=finish {"metadata":{"emulator":{"name":"functions"},"function":{"name":"us-central1-api"},"extension":{},"message":"Finishing up request with event=finish"}}
[debug] [2026-02-27T17:28:31.125Z] Finishing up request with event=close {"metadata":{"emulator":{"name":"functions"},"function":{"name":"us-central1-api"},"extension":{},"message":"Finishing up request with event=close"}}
[debug] [2026-02-27T17:28:31.125Z] [work-queue] {"queuedWork":[],"queueLength":0,"runningWork":[],"workRunningCount":0}
[debug] [2026-02-27T17:28:31.166Z] [work-queue] {"queuedWork":["/calorie-tracker-68b6d/us-central1/api/sync/pull-2026-02-27T17:28:31.166Z"],"queueLength":1,"runningWork":[],"workRunningCount":0}
[debug] [2026-02-27T17:28:31.166Z] [work-queue] {"queuedWork":[],"queueLength":0,"runningWork":["/calorie-tracker-68b6d/us-central1/api/sync/pull-2026-02-27T17:28:31.166Z"],"workRunningCount":1}
[debug] [2026-02-27T17:28:31.166Z] Accepted request OPTIONS /calorie-tracker-68b6d/us-central1/api/sync/pull?userId=2d2db945-39da-4d93-8b2b-34667ae5c6be&since=0 --> us-central1-api
[debug] [2026-02-27T17:28:31.167Z] [functions] Runtime ready! Sending request! {"metadata":{"emulator":{"name":"functions"},"message":"[functions] Runtime ready! Sending request!"}}
[debug] [2026-02-27T17:28:31.167Z] [functions] Got req.url=/calorie-tracker-68b6d/us-central1/api/sync/pull?userId=2d2db945-39da-4d93-8b2b-34667ae5c6be&since=0, mapping to path=/sync/pull?userId=2d2db945-39da-4d93-8b2b-34667ae5c6be&since=0 {"metadata":{"emulator":{"name":"functions"},"message":"[functions] Got req.url=/calorie-tracker-68b6d/us-central1/api/sync/pull?userId=2d2db945-39da-4d93-8b2b-34667ae5c6be&since=0, mapping to path=/sync/pull?userId=2d2db945-39da-4d93-8b2b-34667ae5c6be&since=0"}}
[debug] [2026-02-27T17:28:31.167Z] [worker-pool] submitRequest(triggerId=us-central1-api) {"metadata":{"emulator":{"name":"functions"},"message":"[worker-pool] submitRequest(triggerId=us-central1-api)"}}
[info] i  functions: Beginning execution of "us-central1-api" {"metadata":{"emulator":{"name":"functions"},"function":{"name":"us-central1-api"},"extension":{},"message":"Beginning execution of \"us-central1-api\""}}
[debug] [2026-02-27T17:28:31.167Z] [worker-us-central1-api-fcb21639-4adb-4bf6-b53e-cfc90fcbccdb]: BUSY {"metadata":{"emulator":{"name":"functions"},"function":{"name":"us-central1-api"},"extension":{},"message":"[worker-us-central1-api-fcb21639-4adb-4bf6-b53e-cfc90fcbccdb]: BUSY"}}
[debug] [2026-02-27T17:28:31.169Z] Finishing up request with event=pause {"metadata":{"emulator":{"name":"functions"},"function":{"name":"us-central1-api"},"extension":{},"message":"Finishing up request with event=pause"}}
[info] i  functions: Finished "us-central1-api" in 1.841458ms {"metadata":{"emulator":{"name":"functions"},"function":{"name":"us-central1-api"},"extension":{},"message":"Finished \"us-central1-api\" in 1.841458ms"}}
[debug] [2026-02-27T17:28:31.169Z] [worker-us-central1-api-fcb21639-4adb-4bf6-b53e-cfc90fcbccdb]: IDLE {"metadata":{"emulator":{"name":"functions"},"function":{"name":"us-central1-api"},"extension":{},"message":"[worker-us-central1-api-fcb21639-4adb-4bf6-b53e-cfc90fcbccdb]: IDLE"}}
[debug] [2026-02-27T17:28:31.169Z] Finishing up request with event=finish {"metadata":{"emulator":{"name":"functions"},"function":{"name":"us-central1-api"},"extension":{},"message":"Finishing up request with event=finish"}}
[debug] [2026-02-27T17:28:31.169Z] Finishing up request with event=close {"metadata":{"emulator":{"name":"functions"},"function":{"name":"us-central1-api"},"extension":{},"message":"Finishing up request with event=close"}}
[debug] [2026-02-27T17:28:31.169Z] [work-queue] {"queuedWork":[],"queueLength":0,"runningWork":[],"workRunningCount":0}
[debug] [2026-02-27T17:28:31.171Z] [work-queue] {"queuedWork":["/calorie-tracker-68b6d/us-central1/api/sync/pull-2026-02-27T17:28:31.171Z"],"queueLength":1,"runningWork":[],"workRunningCount":0}
[debug] [2026-02-27T17:28:31.171Z] [work-queue] {"queuedWork":[],"queueLength":0,"runningWork":["/calorie-tracker-68b6d/us-central1/api/sync/pull-2026-02-27T17:28:31.171Z"],"workRunningCount":1}
[debug] [2026-02-27T17:28:31.171Z] Accepted request GET /calorie-tracker-68b6d/us-central1/api/sync/pull?userId=2d2db945-39da-4d93-8b2b-34667ae5c6be&since=0 --> us-central1-api
[debug] [2026-02-27T17:28:31.172Z] [functions] Runtime ready! Sending request! {"metadata":{"emulator":{"name":"functions"},"message":"[functions] Runtime ready! Sending request!"}}
[debug] [2026-02-27T17:28:31.172Z] [functions] Got req.url=/calorie-tracker-68b6d/us-central1/api/sync/pull?userId=2d2db945-39da-4d93-8b2b-34667ae5c6be&since=0, mapping to path=/sync/pull?userId=2d2db945-39da-4d93-8b2b-34667ae5c6be&since=0 {"metadata":{"emulator":{"name":"functions"},"message":"[functions] Got req.url=/calorie-tracker-68b6d/us-central1/api/sync/pull?userId=2d2db945-39da-4d93-8b2b-34667ae5c6be&since=0, mapping to path=/sync/pull?userId=2d2db945-39da-4d93-8b2b-34667ae5c6be&since=0"}}
[debug] [2026-02-27T17:28:31.172Z] [worker-pool] submitRequest(triggerId=us-central1-api) {"metadata":{"emulator":{"name":"functions"},"message":"[worker-pool] submitRequest(triggerId=us-central1-api)"}}
[info] i  functions: Beginning execution of "us-central1-api" {"metadata":{"emulator":{"name":"functions"},"function":{"name":"us-central1-api"},"extension":{},"message":"Beginning execution of \"us-central1-api\""}}
[debug] [2026-02-27T17:28:31.172Z] [worker-us-central1-api-fcb21639-4adb-4bf6-b53e-cfc90fcbccdb]: BUSY {"metadata":{"emulator":{"name":"functions"},"function":{"name":"us-central1-api"},"extension":{},"message":"[worker-us-central1-api-fcb21639-4adb-4bf6-b53e-cfc90fcbccdb]: BUSY"}}
[info] >  {"authUid":"eKZa6c08UxUoVxEJ8BW8QxaNAW93","userId":"2d2db945-39da-4d93-8b2b-34667ae5c6be","since":0,"severity":"INFO","message":"[sync] pull"} {"user":{"authUid":"eKZa6c08UxUoVxEJ8BW8QxaNAW93","userId":"2d2db945-39da-4d93-8b2b-34667ae5c6be","since":0,"severity":"INFO","message":"[sync] pull"},"metadata":{"emulator":{"name":"functions"},"function":{"name":"us-central1-api"},"extension":{},"message":"\u001b[90m> \u001b[39m {\"authUid\":\"eKZa6c08UxUoVxEJ8BW8QxaNAW93\",\"userId\":\"2d2db945-39da-4d93-8b2b-34667ae5c6be\",\"since\":0,\"severity\":\"INFO\",\"message\":\"[sync] pull\"}"}}
[info] >  {"userId":"2d2db945-39da-4d93-8b2b-34667ae5c6be","since":0,"counts":{"calories_total_burned":{"c":0,"u":0,"d":0},"ios_health_tracker":{"c":0,"u":0,"d":0},"calorie_expenditure_items":{"c":0,"u":0,"d":0},"goals":{"c":0,"u":0,"d":0}},"severity":"INFO","message":"[sync] pull done"} {"user":{"userId":"2d2db945-39da-4d93-8b2b-34667ae5c6be","since":0,"counts":{"calories_total_burned":{"c":0,"u":0,"d":0},"ios_health_tracker":{"c":0,"u":0,"d":0},"calorie_expenditure_items":{"c":0,"u":0,"d":0},"goals":{"c":0,"u":0,"d":0}},"severity":"INFO","message":"[sync] pull done"},"metadata":{"emulator":{"name":"functions"},"function":{"name":"us-central1-api"},"extension":{},"message":"\u001b[90m> \u001b[39m {\"userId\":\"2d2db945-39da-4d93-8b2b-34667ae5c6be\",\"since\":0,\"counts\":{\"calories_total_burned\":{\"c\":0,\"u\":0,\"d\":0},\"ios_health_tracker\":{\"c\":0,\"u\":0,\"d\":0},\"calorie_expenditure_items\":{\"c\":0,\"u\":0,\"d\":0},\"goals\":{\"c\":0,\"u\":0,\"d\":0}},\"severity\":\"INFO\",\"message\":\"[sync] pull done\"}"}}
[debug] [2026-02-27T17:28:31.246Z] Finishing up request with event=pause {"metadata":{"emulator":{"name":"functions"},"function":{"name":"us-central1-api"},"extension":{},"message":"Finishing up request with event=pause"}}
[info] i  functions: Finished "us-central1-api" in 73.545834ms {"metadata":{"emulator":{"name":"functions"},"function":{"name":"us-central1-api"},"extension":{},"message":"Finished \"us-central1-api\" in 73.545834ms"}}
[debug] [2026-02-27T17:28:31.246Z] [worker-us-central1-api-fcb21639-4adb-4bf6-b53e-cfc90fcbccdb]: IDLE {"metadata":{"emulator":{"name":"functions"},"function":{"name":"us-central1-api"},"extension":{},"message":"[worker-us-central1-api-fcb21639-4adb-4bf6-b53e-cfc90fcbccdb]: IDLE"}}
[debug] [2026-02-27T17:28:31.246Z] Finishing up request with event=finish {"metadata":{"emulator":{"name":"functions"},"function":{"name":"us-central1-api"},"extension":{},"message":"Finishing up request with event=finish"}}
[debug] [2026-02-27T17:28:31.246Z] Finishing up request with event=close {"metadata":{"emulator":{"name":"functions"},"function":{"name":"us-central1-api"},"extension":{},"message":"Finishing up request with event=close"}}
[debug] [2026-02-27T17:28:31.246Z] [work-queue] {"queuedWork":[],"queueLength":0,"runningWork":[],"workRunningCount":0}
[debug] [2026-02-27T17:28:32.562Z] [work-queue] {"queuedWork":["/calorie-tracker-68b6d/us-central1/api/profile/me-2026-02-27T17:28:32.562Z"],"queueLength":1,"runningWork":[],"workRunningCount":0}
[debug] [2026-02-27T17:28:32.562Z] [work-queue] {"queuedWork":[],"queueLength":0,"runningWork":["/calorie-tracker-68b6d/us-central1/api/profile/me-2026-02-27T17:28:32.562Z"],"workRunningCount":1}
[debug] [2026-02-27T17:28:32.562Z] Accepted request OPTIONS /calorie-tracker-68b6d/us-central1/api/profile/me --> us-central1-api
[debug] [2026-02-27T17:28:32.563Z] [functions] Runtime ready! Sending request! {"metadata":{"emulator":{"name":"functions"},"message":"[functions] Runtime ready! Sending request!"}}
[debug] [2026-02-27T17:28:32.563Z] [functions] Got req.url=/calorie-tracker-68b6d/us-central1/api/profile/me, mapping to path=/profile/me {"metadata":{"emulator":{"name":"functions"},"message":"[functions] Got req.url=/calorie-tracker-68b6d/us-central1/api/profile/me, mapping to path=/profile/me"}}
[debug] [2026-02-27T17:28:32.563Z] [worker-pool] submitRequest(triggerId=us-central1-api) {"metadata":{"emulator":{"name":"functions"},"message":"[worker-pool] submitRequest(triggerId=us-central1-api)"}}
[info] i  functions: Beginning execution of "us-central1-api" {"metadata":{"emulator":{"name":"functions"},"function":{"name":"us-central1-api"},"extension":{},"message":"Beginning execution of \"us-central1-api\""}}
[debug] [2026-02-27T17:28:32.563Z] [worker-us-central1-api-fcb21639-4adb-4bf6-b53e-cfc90fcbccdb]: BUSY {"metadata":{"emulator":{"name":"functions"},"function":{"name":"us-central1-api"},"extension":{},"message":"[worker-us-central1-api-fcb21639-4adb-4bf6-b53e-cfc90fcbccdb]: BUSY"}}
[debug] [2026-02-27T17:28:32.565Z] Finishing up request with event=pause {"metadata":{"emulator":{"name":"functions"},"function":{"name":"us-central1-api"},"extension":{},"message":"Finishing up request with event=pause"}}
[info] i  functions: Finished "us-central1-api" in 1.826041ms {"metadata":{"emulator":{"name":"functions"},"function":{"name":"us-central1-api"},"extension":{},"message":"Finished \"us-central1-api\" in 1.826041ms"}}
[debug] [2026-02-27T17:28:32.565Z] [worker-us-central1-api-fcb21639-4adb-4bf6-b53e-cfc90fcbccdb]: IDLE {"metadata":{"emulator":{"name":"functions"},"function":{"name":"us-central1-api"},"extension":{},"message":"[worker-us-central1-api-fcb21639-4adb-4bf6-b53e-cfc90fcbccdb]: IDLE"}}
[debug] [2026-02-27T17:28:32.565Z] Finishing up request with event=finish {"metadata":{"emulator":{"name":"functions"},"function":{"name":"us-central1-api"},"extension":{},"message":"Finishing up request with event=finish"}}
[debug] [2026-02-27T17:28:32.565Z] Finishing up request with event=close {"metadata":{"emulator":{"name":"functions"},"function":{"name":"us-central1-api"},"extension":{},"message":"Finishing up request with event=close"}}
[debug] [2026-02-27T17:28:32.565Z] [work-queue] {"queuedWork":[],"queueLength":0,"runningWork":[],"workRunningCount":0}
[debug] [2026-02-27T17:28:32.566Z] [work-queue] {"queuedWork":["/calorie-tracker-68b6d/us-central1/api/profile/me-2026-02-27T17:28:32.566Z"],"queueLength":1,"runningWork":[],"workRunningCount":0}
[debug] [2026-02-27T17:28:32.566Z] [work-queue] {"queuedWork":[],"queueLength":0,"runningWork":["/calorie-tracker-68b6d/us-central1/api/profile/me-2026-02-27T17:28:32.566Z"],"workRunningCount":1}
[debug] [2026-02-27T17:28:32.566Z] Accepted request GET /calorie-tracker-68b6d/us-central1/api/profile/me --> us-central1-api
[debug] [2026-02-27T17:28:32.567Z] [functions] Runtime ready! Sending request! {"metadata":{"emulator":{"name":"functions"},"message":"[functions] Runtime ready! Sending request!"}}
[debug] [2026-02-27T17:28:32.567Z] [functions] Got req.url=/calorie-tracker-68b6d/us-central1/api/profile/me, mapping to path=/profile/me {"metadata":{"emulator":{"name":"functions"},"message":"[functions] Got req.url=/calorie-tracker-68b6d/us-central1/api/profile/me, mapping to path=/profile/me"}}
[debug] [2026-02-27T17:28:32.567Z] [worker-pool] submitRequest(triggerId=us-central1-api) {"metadata":{"emulator":{"name":"functions"},"message":"[worker-pool] submitRequest(triggerId=us-central1-api)"}}
[info] i  functions: Beginning execution of "us-central1-api" {"metadata":{"emulator":{"name":"functions"},"function":{"name":"us-central1-api"},"extension":{},"message":"Beginning execution of \"us-central1-api\""}}
[debug] [2026-02-27T17:28:32.567Z] [worker-us-central1-api-fcb21639-4adb-4bf6-b53e-cfc90fcbccdb]: BUSY {"metadata":{"emulator":{"name":"functions"},"function":{"name":"us-central1-api"},"extension":{},"message":"[worker-us-central1-api-fcb21639-4adb-4bf6-b53e-cfc90fcbccdb]: BUSY"}}
[info] >  {"authUid":"eKZa6c08UxUoVxEJ8BW8QxaNAW93","severity":"INFO","message":"[profile] getOrCreateProfile"} {"user":{"authUid":"eKZa6c08UxUoVxEJ8BW8QxaNAW93","severity":"INFO","message":"[profile] getOrCreateProfile"},"metadata":{"emulator":{"name":"functions"},"function":{"name":"us-central1-api"},"extension":{},"message":"\u001b[90m> \u001b[39m {\"authUid\":\"eKZa6c08UxUoVxEJ8BW8QxaNAW93\",\"severity\":\"INFO\",\"message\":\"[profile] getOrCreateProfile\"}"}}
[debug] [2026-02-27T17:28:32.586Z] Finishing up request with event=pause {"metadata":{"emulator":{"name":"functions"},"function":{"name":"us-central1-api"},"extension":{},"message":"Finishing up request with event=pause"}}
[info] i  functions: Finished "us-central1-api" in 19.604792ms {"metadata":{"emulator":{"name":"functions"},"function":{"name":"us-central1-api"},"extension":{},"message":"Finished \"us-central1-api\" in 19.604792ms"}}
[debug] [2026-02-27T17:28:32.587Z] [worker-us-central1-api-fcb21639-4adb-4bf6-b53e-cfc90fcbccdb]: IDLE {"metadata":{"emulator":{"name":"functions"},"function":{"name":"us-central1-api"},"extension":{},"message":"[worker-us-central1-api-fcb21639-4adb-4bf6-b53e-cfc90fcbccdb]: IDLE"}}
[debug] [2026-02-27T17:28:32.587Z] Finishing up request with event=finish {"metadata":{"emulator":{"name":"functions"},"function":{"name":"us-central1-api"},"extension":{},"message":"Finishing up request with event=finish"}}
[debug] [2026-02-27T17:28:32.587Z] Finishing up request with event=close {"metadata":{"emulator":{"name":"functions"},"function":{"name":"us-central1-api"},"extension":{},"message":"Finishing up request with event=close"}}
[debug] [2026-02-27T17:28:32.588Z] [work-queue] {"queuedWork":[],"queueLength":0,"runningWork":[],"workRunningCount":0}
[debug] [2026-02-27T17:28:32.689Z] [work-queue] {"queuedWork":["/calorie-tracker-68b6d/us-central1/api/sync/pull-2026-02-27T17:28:32.689Z"],"queueLength":1,"runningWork":[],"workRunningCount":0}
[debug] [2026-02-27T17:28:32.690Z] [work-queue] {"queuedWork":[],"queueLength":0,"runningWork":["/calorie-tracker-68b6d/us-central1/api/sync/pull-2026-02-27T17:28:32.689Z"],"workRunningCount":1}
[debug] [2026-02-27T17:28:32.690Z] Accepted request OPTIONS /calorie-tracker-68b6d/us-central1/api/sync/pull?userId=2d2db945-39da-4d93-8b2b-34667ae5c6be&since=1772213311183 --> us-central1-api
[debug] [2026-02-27T17:28:32.690Z] [functions] Runtime ready! Sending request! {"metadata":{"emulator":{"name":"functions"},"message":"[functions] Runtime ready! Sending request!"}}
[debug] [2026-02-27T17:28:32.691Z] [functions] Got req.url=/calorie-tracker-68b6d/us-central1/api/sync/pull?userId=2d2db945-39da-4d93-8b2b-34667ae5c6be&since=1772213311183, mapping to path=/sync/pull?userId=2d2db945-39da-4d93-8b2b-34667ae5c6be&since=1772213311183 {"metadata":{"emulator":{"name":"functions"},"message":"[functions] Got req.url=/calorie-tracker-68b6d/us-central1/api/sync/pull?userId=2d2db945-39da-4d93-8b2b-34667ae5c6be&since=1772213311183, mapping to path=/sync/pull?userId=2d2db945-39da-4d93-8b2b-34667ae5c6be&since=1772213311183"}}
[debug] [2026-02-27T17:28:32.691Z] [worker-pool] submitRequest(triggerId=us-central1-api) {"metadata":{"emulator":{"name":"functions"},"message":"[worker-pool] submitRequest(triggerId=us-central1-api)"}}
[info] i  functions: Beginning execution of "us-central1-api" {"metadata":{"emulator":{"name":"functions"},"function":{"name":"us-central1-api"},"extension":{},"message":"Beginning execution of \"us-central1-api\""}}
[debug] [2026-02-27T17:28:32.694Z] [worker-us-central1-api-fcb21639-4adb-4bf6-b53e-cfc90fcbccdb]: BUSY {"metadata":{"emulator":{"name":"functions"},"function":{"name":"us-central1-api"},"extension":{},"message":"[worker-us-central1-api-fcb21639-4adb-4bf6-b53e-cfc90fcbccdb]: BUSY"}}
[debug] [2026-02-27T17:28:32.696Z] Finishing up request with event=pause {"metadata":{"emulator":{"name":"functions"},"function":{"name":"us-central1-api"},"extension":{},"message":"Finishing up request with event=pause"}}
[info] i  functions: Finished "us-central1-api" in 2.495042ms {"metadata":{"emulator":{"name":"functions"},"function":{"name":"us-central1-api"},"extension":{},"message":"Finished \"us-central1-api\" in 2.495042ms"}}
[debug] [2026-02-27T17:28:32.703Z] [worker-us-central1-api-fcb21639-4adb-4bf6-b53e-cfc90fcbccdb]: IDLE {"metadata":{"emulator":{"name":"functions"},"function":{"name":"us-central1-api"},"extension":{},"message":"[worker-us-central1-api-fcb21639-4adb-4bf6-b53e-cfc90fcbccdb]: IDLE"}}
[debug] [2026-02-27T17:28:32.704Z] Finishing up request with event=finish {"metadata":{"emulator":{"name":"functions"},"function":{"name":"us-central1-api"},"extension":{},"message":"Finishing up request with event=finish"}}
[debug] [2026-02-27T17:28:32.705Z] Finishing up request with event=close {"metadata":{"emulator":{"name":"functions"},"function":{"name":"us-central1-api"},"extension":{},"message":"Finishing up request with event=close"}}
[debug] [2026-02-27T17:28:32.705Z] [work-queue] {"queuedWork":[],"queueLength":0,"runningWork":[],"workRunningCount":0}
[debug] [2026-02-27T17:28:32.705Z] [work-queue] {"queuedWork":["/calorie-tracker-68b6d/us-central1/api/sync/pull-2026-02-27T17:28:32.705Z"],"queueLength":1,"runningWork":[],"workRunningCount":0}
[debug] [2026-02-27T17:28:32.706Z] [work-queue] {"queuedWork":[],"queueLength":0,"runningWork":["/calorie-tracker-68b6d/us-central1/api/sync/pull-2026-02-27T17:28:32.705Z"],"workRunningCount":1}
[debug] [2026-02-27T17:28:32.706Z] Accepted request GET /calorie-tracker-68b6d/us-central1/api/sync/pull?userId=2d2db945-39da-4d93-8b2b-34667ae5c6be&since=1772213311183 --> us-central1-api
[debug] [2026-02-27T17:28:32.706Z] [functions] Runtime ready! Sending request! {"metadata":{"emulator":{"name":"functions"},"message":"[functions] Runtime ready! Sending request!"}}
[debug] [2026-02-27T17:28:32.706Z] [functions] Got req.url=/calorie-tracker-68b6d/us-central1/api/sync/pull?userId=2d2db945-39da-4d93-8b2b-34667ae5c6be&since=1772213311183, mapping to path=/sync/pull?userId=2d2db945-39da-4d93-8b2b-34667ae5c6be&since=1772213311183 {"metadata":{"emulator":{"name":"functions"},"message":"[functions] Got req.url=/calorie-tracker-68b6d/us-central1/api/sync/pull?userId=2d2db945-39da-4d93-8b2b-34667ae5c6be&since=1772213311183, mapping to path=/sync/pull?userId=2d2db945-39da-4d93-8b2b-34667ae5c6be&since=1772213311183"}}
[debug] [2026-02-27T17:28:32.706Z] [worker-pool] submitRequest(triggerId=us-central1-api) {"metadata":{"emulator":{"name":"functions"},"message":"[worker-pool] submitRequest(triggerId=us-central1-api)"}}
[info] i  functions: Beginning execution of "us-central1-api" {"metadata":{"emulator":{"name":"functions"},"function":{"name":"us-central1-api"},"extension":{},"message":"Beginning execution of \"us-central1-api\""}}
[debug] [2026-02-27T17:28:32.706Z] [worker-us-central1-api-fcb21639-4adb-4bf6-b53e-cfc90fcbccdb]: BUSY {"metadata":{"emulator":{"name":"functions"},"function":{"name":"us-central1-api"},"extension":{},"message":"[worker-us-central1-api-fcb21639-4adb-4bf6-b53e-cfc90fcbccdb]: BUSY"}}
[info] >  {"authUid":"eKZa6c08UxUoVxEJ8BW8QxaNAW93","userId":"2d2db945-39da-4d93-8b2b-34667ae5c6be","since":1772213311183,"severity":"INFO","message":"[sync] pull"} {"user":{"authUid":"eKZa6c08UxUoVxEJ8BW8QxaNAW93","userId":"2d2db945-39da-4d93-8b2b-34667ae5c6be","since":1772213311183,"severity":"INFO","message":"[sync] pull"},"metadata":{"emulator":{"name":"functions"},"function":{"name":"us-central1-api"},"extension":{},"message":"\u001b[90m> \u001b[39m {\"authUid\":\"eKZa6c08UxUoVxEJ8BW8QxaNAW93\",\"userId\":\"2d2db945-39da-4d93-8b2b-34667ae5c6be\",\"since\":1772213311183,\"severity\":\"INFO\",\"message\":\"[sync] pull\"}"}}
[info] >  {"userId":"2d2db945-39da-4d93-8b2b-34667ae5c6be","since":1772213311183,"counts":{"calories_total_burned":{"c":0,"u":0,"d":0},"ios_health_tracker":{"c":0,"u":0,"d":0},"calorie_expenditure_items":{"c":0,"u":0,"d":0},"goals":{"c":0,"u":0,"d":0}},"severity":"INFO","message":"[sync] pull done"} {"user":{"userId":"2d2db945-39da-4d93-8b2b-34667ae5c6be","since":1772213311183,"counts":{"calories_total_burned":{"c":0,"u":0,"d":0},"ios_health_tracker":{"c":0,"u":0,"d":0},"calorie_expenditure_items":{"c":0,"u":0,"d":0},"goals":{"c":0,"u":0,"d":0}},"severity":"INFO","message":"[sync] pull done"},"metadata":{"emulator":{"name":"functions"},"function":{"name":"us-central1-api"},"extension":{},"message":"\u001b[90m> \u001b[39m {\"userId\":\"2d2db945-39da-4d93-8b2b-34667ae5c6be\",\"since\":1772213311183,\"counts\":{\"calories_total_burned\":{\"c\":0,\"u\":0,\"d\":0},\"ios_health_tracker\":{\"c\":0,\"u\":0,\"d\":0},\"calorie_expenditure_items\":{\"c\":0,\"u\":0,\"d\":0},\"goals\":{\"c\":0,\"u\":0,\"d\":0}},\"severity\":\"INFO\",\"message\":\"[sync] pull done\"}"}}
[debug] [2026-02-27T17:28:32.749Z] Finishing up request with event=pause {"metadata":{"emulator":{"name":"functions"},"function":{"name":"us-central1-api"},"extension":{},"message":"Finishing up request with event=pause"}}
[info] i  functions: Finished "us-central1-api" in 42.452791ms {"metadata":{"emulator":{"name":"functions"},"function":{"name":"us-central1-api"},"extension":{},"message":"Finished \"us-central1-api\" in 42.452791ms"}}
[debug] [2026-02-27T17:28:32.749Z] [worker-us-central1-api-fcb21639-4adb-4bf6-b53e-cfc90fcbccdb]: IDLE {"metadata":{"emulator":{"name":"functions"},"function":{"name":"us-central1-api"},"extension":{},"message":"[worker-us-central1-api-fcb21639-4adb-4bf6-b53e-cfc90fcbccdb]: IDLE"}}
[debug] [2026-02-27T17:28:32.749Z] Finishing up request with event=finish {"metadata":{"emulator":{"name":"functions"},"function":{"name":"us-central1-api"},"extension":{},"message":"Finishing up request with event=finish"}}
[debug] [2026-02-27T17:28:32.749Z] Finishing up request with event=close {"metadata":{"emulator":{"name":"functions"},"function":{"name":"us-central1-api"},"extension":{},"message":"Finishing up request with event=close"}}
[debug] [2026-02-27T17:28:32.750Z] [work-queue] {"queuedWork":[],"queueLength":0,"runningWork":[],"workRunningCount":0}
[debug] [2026-02-27T17:30:25.085Z] [work-queue] {"queuedWork":["/calorie-tracker-68b6d/us-central1/api/profile/me-2026-02-27T17:30:25.085Z"],"queueLength":1,"runningWork":[],"workRunningCount":0}
[debug] [2026-02-27T17:30:25.085Z] [work-queue] {"queuedWork":[],"queueLength":0,"runningWork":["/calorie-tracker-68b6d/us-central1/api/profile/me-2026-02-27T17:30:25.085Z"],"workRunningCount":1}
[debug] [2026-02-27T17:30:25.085Z] Accepted request OPTIONS /calorie-tracker-68b6d/us-central1/api/profile/me --> us-central1-api
[debug] [2026-02-27T17:30:25.090Z] [functions] Runtime ready! Sending request! {"metadata":{"emulator":{"name":"functions"},"message":"[functions] Runtime ready! Sending request!"}}
[debug] [2026-02-27T17:30:25.090Z] [functions] Got req.url=/calorie-tracker-68b6d/us-central1/api/profile/me, mapping to path=/profile/me {"metadata":{"emulator":{"name":"functions"},"message":"[functions] Got req.url=/calorie-tracker-68b6d/us-central1/api/profile/me, mapping to path=/profile/me"}}
[debug] [2026-02-27T17:30:25.090Z] [worker-pool] submitRequest(triggerId=us-central1-api) {"metadata":{"emulator":{"name":"functions"},"message":"[worker-pool] submitRequest(triggerId=us-central1-api)"}}
[info] i  functions: Beginning execution of "us-central1-api" {"metadata":{"emulator":{"name":"functions"},"function":{"name":"us-central1-api"},"extension":{},"message":"Beginning execution of \"us-central1-api\""}}
[debug] [2026-02-27T17:30:25.090Z] [worker-us-central1-api-fcb21639-4adb-4bf6-b53e-cfc90fcbccdb]: BUSY {"metadata":{"emulator":{"name":"functions"},"function":{"name":"us-central1-api"},"extension":{},"message":"[worker-us-central1-api-fcb21639-4adb-4bf6-b53e-cfc90fcbccdb]: BUSY"}}
[debug] [2026-02-27T17:30:25.095Z] Finishing up request with event=pause {"metadata":{"emulator":{"name":"functions"},"function":{"name":"us-central1-api"},"extension":{},"message":"Finishing up request with event=pause"}}
[info] i  functions: Finished "us-central1-api" in 5.119167ms {"metadata":{"emulator":{"name":"functions"},"function":{"name":"us-central1-api"},"extension":{},"message":"Finished \"us-central1-api\" in 5.119167ms"}}
[debug] [2026-02-27T17:30:25.096Z] [worker-us-central1-api-fcb21639-4adb-4bf6-b53e-cfc90fcbccdb]: IDLE {"metadata":{"emulator":{"name":"functions"},"function":{"name":"us-central1-api"},"extension":{},"message":"[worker-us-central1-api-fcb21639-4adb-4bf6-b53e-cfc90fcbccdb]: IDLE"}}
[debug] [2026-02-27T17:30:25.096Z] Finishing up request with event=finish {"metadata":{"emulator":{"name":"functions"},"function":{"name":"us-central1-api"},"extension":{},"message":"Finishing up request with event=finish"}}
[debug] [2026-02-27T17:30:25.097Z] Finishing up request with event=close {"metadata":{"emulator":{"name":"functions"},"function":{"name":"us-central1-api"},"extension":{},"message":"Finishing up request with event=close"}}
[debug] [2026-02-27T17:30:25.097Z] [work-queue] {"queuedWork":[],"queueLength":0,"runningWork":[],"workRunningCount":0}
[debug] [2026-02-27T17:30:25.097Z] [work-queue] {"queuedWork":["/calorie-tracker-68b6d/us-central1/api/profile/me-2026-02-27T17:30:25.097Z"],"queueLength":1,"runningWork":[],"workRunningCount":0}
[debug] [2026-02-27T17:30:25.097Z] [work-queue] {"queuedWork":[],"queueLength":0,"runningWork":["/calorie-tracker-68b6d/us-central1/api/profile/me-2026-02-27T17:30:25.097Z"],"workRunningCount":1}
[debug] [2026-02-27T17:30:25.097Z] Accepted request GET /calorie-tracker-68b6d/us-central1/api/profile/me --> us-central1-api
[debug] [2026-02-27T17:30:25.098Z] [functions] Runtime ready! Sending request! {"metadata":{"emulator":{"name":"functions"},"message":"[functions] Runtime ready! Sending request!"}}
[debug] [2026-02-27T17:30:25.098Z] [functions] Got req.url=/calorie-tracker-68b6d/us-central1/api/profile/me, mapping to path=/profile/me {"metadata":{"emulator":{"name":"functions"},"message":"[functions] Got req.url=/calorie-tracker-68b6d/us-central1/api/profile/me, mapping to path=/profile/me"}}
[debug] [2026-02-27T17:30:25.098Z] [worker-pool] submitRequest(triggerId=us-central1-api) {"metadata":{"emulator":{"name":"functions"},"message":"[worker-pool] submitRequest(triggerId=us-central1-api)"}}
[info] i  functions: Beginning execution of "us-central1-api" {"metadata":{"emulator":{"name":"functions"},"function":{"name":"us-central1-api"},"extension":{},"message":"Beginning execution of \"us-central1-api\""}}
[debug] [2026-02-27T17:30:25.099Z] [worker-us-central1-api-fcb21639-4adb-4bf6-b53e-cfc90fcbccdb]: BUSY {"metadata":{"emulator":{"name":"functions"},"function":{"name":"us-central1-api"},"extension":{},"message":"[worker-us-central1-api-fcb21639-4adb-4bf6-b53e-cfc90fcbccdb]: BUSY"}}
[info] >  {"authUid":"eKZa6c08UxUoVxEJ8BW8QxaNAW93","severity":"INFO","message":"[profile] getOrCreateProfile"} {"user":{"authUid":"eKZa6c08UxUoVxEJ8BW8QxaNAW93","severity":"INFO","message":"[profile] getOrCreateProfile"},"metadata":{"emulator":{"name":"functions"},"function":{"name":"us-central1-api"},"extension":{},"message":"\u001b[90m> \u001b[39m {\"authUid\":\"eKZa6c08UxUoVxEJ8BW8QxaNAW93\",\"severity\":\"INFO\",\"message\":\"[profile] getOrCreateProfile\"}"}}
[debug] [2026-02-27T17:30:25.130Z] Finishing up request with event=pause {"metadata":{"emulator":{"name":"functions"},"function":{"name":"us-central1-api"},"extension":{},"message":"Finishing up request with event=pause"}}
[info] i  functions: Finished "us-central1-api" in 31.366917ms {"metadata":{"emulator":{"name":"functions"},"function":{"name":"us-central1-api"},"extension":{},"message":"Finished \"us-central1-api\" in 31.366917ms"}}
[debug] [2026-02-27T17:30:25.130Z] [worker-us-central1-api-fcb21639-4adb-4bf6-b53e-cfc90fcbccdb]: IDLE {"metadata":{"emulator":{"name":"functions"},"function":{"name":"us-central1-api"},"extension":{},"message":"[worker-us-central1-api-fcb21639-4adb-4bf6-b53e-cfc90fcbccdb]: IDLE"}}
[debug] [2026-02-27T17:30:25.130Z] Finishing up request with event=finish {"metadata":{"emulator":{"name":"functions"},"function":{"name":"us-central1-api"},"extension":{},"message":"Finishing up request with event=finish"}}
[debug] [2026-02-27T17:30:25.131Z] Finishing up request with event=close {"metadata":{"emulator":{"name":"functions"},"function":{"name":"us-central1-api"},"extension":{},"message":"Finishing up request with event=close"}}
[debug] [2026-02-27T17:30:25.131Z] [work-queue] {"queuedWork":[],"queueLength":0,"runningWork":[],"workRunningCount":0}
[debug] [2026-02-27T17:30:25.225Z] [work-queue] {"queuedWork":["/calorie-tracker-68b6d/us-central1/api/sync/pull-2026-02-27T17:30:25.225Z"],"queueLength":1,"runningWork":[],"workRunningCount":0}
[debug] [2026-02-27T17:30:25.225Z] [work-queue] {"queuedWork":[],"queueLength":0,"runningWork":["/calorie-tracker-68b6d/us-central1/api/sync/pull-2026-02-27T17:30:25.225Z"],"workRunningCount":1}
[debug] [2026-02-27T17:30:25.225Z] Accepted request OPTIONS /calorie-tracker-68b6d/us-central1/api/sync/pull?userId=2d2db945-39da-4d93-8b2b-34667ae5c6be&since=1772213312718 --> us-central1-api
[debug] [2026-02-27T17:30:25.227Z] [functions] Runtime ready! Sending request! {"metadata":{"emulator":{"name":"functions"},"message":"[functions] Runtime ready! Sending request!"}}
[debug] [2026-02-27T17:30:25.229Z] [functions] Got req.url=/calorie-tracker-68b6d/us-central1/api/sync/pull?userId=2d2db945-39da-4d93-8b2b-34667ae5c6be&since=1772213312718, mapping to path=/sync/pull?userId=2d2db945-39da-4d93-8b2b-34667ae5c6be&since=1772213312718 {"metadata":{"emulator":{"name":"functions"},"message":"[functions] Got req.url=/calorie-tracker-68b6d/us-central1/api/sync/pull?userId=2d2db945-39da-4d93-8b2b-34667ae5c6be&since=1772213312718, mapping to path=/sync/pull?userId=2d2db945-39da-4d93-8b2b-34667ae5c6be&since=1772213312718"}}
[debug] [2026-02-27T17:30:25.229Z] [worker-pool] submitRequest(triggerId=us-central1-api) {"metadata":{"emulator":{"name":"functions"},"message":"[worker-pool] submitRequest(triggerId=us-central1-api)"}}
[info] i  functions: Beginning execution of "us-central1-api" {"metadata":{"emulator":{"name":"functions"},"function":{"name":"us-central1-api"},"extension":{},"message":"Beginning execution of \"us-central1-api\""}}
[debug] [2026-02-27T17:30:25.229Z] [worker-us-central1-api-fcb21639-4adb-4bf6-b53e-cfc90fcbccdb]: BUSY {"metadata":{"emulator":{"name":"functions"},"function":{"name":"us-central1-api"},"extension":{},"message":"[worker-us-central1-api-fcb21639-4adb-4bf6-b53e-cfc90fcbccdb]: BUSY"}}
[debug] [2026-02-27T17:30:25.231Z] Finishing up request with event=pause {"metadata":{"emulator":{"name":"functions"},"function":{"name":"us-central1-api"},"extension":{},"message":"Finishing up request with event=pause"}}
[info] i  functions: Finished "us-central1-api" in 1.574291ms {"metadata":{"emulator":{"name":"functions"},"function":{"name":"us-central1-api"},"extension":{},"message":"Finished \"us-central1-api\" in 1.574291ms"}}
[debug] [2026-02-27T17:30:25.231Z] [worker-us-central1-api-fcb21639-4adb-4bf6-b53e-cfc90fcbccdb]: IDLE {"metadata":{"emulator":{"name":"functions"},"function":{"name":"us-central1-api"},"extension":{},"message":"[worker-us-central1-api-fcb21639-4adb-4bf6-b53e-cfc90fcbccdb]: IDLE"}}
[debug] [2026-02-27T17:30:25.231Z] Finishing up request with event=finish {"metadata":{"emulator":{"name":"functions"},"function":{"name":"us-central1-api"},"extension":{},"message":"Finishing up request with event=finish"}}
[debug] [2026-02-27T17:30:25.231Z] Finishing up request with event=close {"metadata":{"emulator":{"name":"functions"},"function":{"name":"us-central1-api"},"extension":{},"message":"Finishing up request with event=close"}}
[debug] [2026-02-27T17:30:25.232Z] [work-queue] {"queuedWork":[],"queueLength":0,"runningWork":[],"workRunningCount":0}
[debug] [2026-02-27T17:30:25.234Z] [work-queue] {"queuedWork":["/calorie-tracker-68b6d/us-central1/api/sync/pull-2026-02-27T17:30:25.234Z"],"queueLength":1,"runningWork":[],"workRunningCount":0}
[debug] [2026-02-27T17:30:25.234Z] [work-queue] {"queuedWork":[],"queueLength":0,"runningWork":["/calorie-tracker-68b6d/us-central1/api/sync/pull-2026-02-27T17:30:25.234Z"],"workRunningCount":1}
[debug] [2026-02-27T17:30:25.234Z] Accepted request GET /calorie-tracker-68b6d/us-central1/api/sync/pull?userId=2d2db945-39da-4d93-8b2b-34667ae5c6be&since=1772213312718 --> us-central1-api
[debug] [2026-02-27T17:30:25.237Z] [functions] Runtime ready! Sending request! {"metadata":{"emulator":{"name":"functions"},"message":"[functions] Runtime ready! Sending request!"}}
[debug] [2026-02-27T17:30:25.237Z] [functions] Got req.url=/calorie-tracker-68b6d/us-central1/api/sync/pull?userId=2d2db945-39da-4d93-8b2b-34667ae5c6be&since=1772213312718, mapping to path=/sync/pull?userId=2d2db945-39da-4d93-8b2b-34667ae5c6be&since=1772213312718 {"metadata":{"emulator":{"name":"functions"},"message":"[functions] Got req.url=/calorie-tracker-68b6d/us-central1/api/sync/pull?userId=2d2db945-39da-4d93-8b2b-34667ae5c6be&since=1772213312718, mapping to path=/sync/pull?userId=2d2db945-39da-4d93-8b2b-34667ae5c6be&since=1772213312718"}}
[debug] [2026-02-27T17:30:25.237Z] [worker-pool] submitRequest(triggerId=us-central1-api) {"metadata":{"emulator":{"name":"functions"},"message":"[worker-pool] submitRequest(triggerId=us-central1-api)"}}
[info] i  functions: Beginning execution of "us-central1-api" {"metadata":{"emulator":{"name":"functions"},"function":{"name":"us-central1-api"},"extension":{},"message":"Beginning execution of \"us-central1-api\""}}
[debug] [2026-02-27T17:30:25.237Z] [worker-us-central1-api-fcb21639-4adb-4bf6-b53e-cfc90fcbccdb]: BUSY {"metadata":{"emulator":{"name":"functions"},"function":{"name":"us-central1-api"},"extension":{},"message":"[worker-us-central1-api-fcb21639-4adb-4bf6-b53e-cfc90fcbccdb]: BUSY"}}
[info] >  {"authUid":"eKZa6c08UxUoVxEJ8BW8QxaNAW93","userId":"2d2db945-39da-4d93-8b2b-34667ae5c6be","since":1772213312718,"severity":"INFO","message":"[sync] pull"} {"user":{"authUid":"eKZa6c08UxUoVxEJ8BW8QxaNAW93","userId":"2d2db945-39da-4d93-8b2b-34667ae5c6be","since":1772213312718,"severity":"INFO","message":"[sync] pull"},"metadata":{"emulator":{"name":"functions"},"function":{"name":"us-central1-api"},"extension":{},"message":"\u001b[90m> \u001b[39m {\"authUid\":\"eKZa6c08UxUoVxEJ8BW8QxaNAW93\",\"userId\":\"2d2db945-39da-4d93-8b2b-34667ae5c6be\",\"since\":1772213312718,\"severity\":\"INFO\",\"message\":\"[sync] pull\"}"}}
[info] >  {"userId":"2d2db945-39da-4d93-8b2b-34667ae5c6be","since":1772213312718,"counts":{"calories_total_burned":{"c":0,"u":0,"d":0},"ios_health_tracker":{"c":0,"u":0,"d":0},"calorie_expenditure_items":{"c":0,"u":0,"d":0},"goals":{"c":0,"u":0,"d":0}},"severity":"INFO","message":"[sync] pull done"} {"user":{"userId":"2d2db945-39da-4d93-8b2b-34667ae5c6be","since":1772213312718,"counts":{"calories_total_burned":{"c":0,"u":0,"d":0},"ios_health_tracker":{"c":0,"u":0,"d":0},"calorie_expenditure_items":{"c":0,"u":0,"d":0},"goals":{"c":0,"u":0,"d":0}},"severity":"INFO","message":"[sync] pull done"},"metadata":{"emulator":{"name":"functions"},"function":{"name":"us-central1-api"},"extension":{},"message":"\u001b[90m> \u001b[39m {\"userId\":\"2d2db945-39da-4d93-8b2b-34667ae5c6be\",\"since\":1772213312718,\"counts\":{\"calories_total_burned\":{\"c\":0,\"u\":0,\"d\":0},\"ios_health_tracker\":{\"c\":0,\"u\":0,\"d\":0},\"calorie_expenditure_items\":{\"c\":0,\"u\":0,\"d\":0},\"goals\":{\"c\":0,\"u\":0,\"d\":0}},\"severity\":\"INFO\",\"message\":\"[sync] pull done\"}"}}
[debug] [2026-02-27T17:30:25.281Z] Finishing up request with event=pause {"metadata":{"emulator":{"name":"functions"},"function":{"name":"us-central1-api"},"extension":{},"message":"Finishing up request with event=pause"}}
[info] i  functions: Finished "us-central1-api" in 44.479417ms {"metadata":{"emulator":{"name":"functions"},"function":{"name":"us-central1-api"},"extension":{},"message":"Finished \"us-central1-api\" in 44.479417ms"}}
[debug] [2026-02-27T17:30:25.282Z] [worker-us-central1-api-fcb21639-4adb-4bf6-b53e-cfc90fcbccdb]: IDLE {"metadata":{"emulator":{"name":"functions"},"function":{"name":"us-central1-api"},"extension":{},"message":"[worker-us-central1-api-fcb21639-4adb-4bf6-b53e-cfc90fcbccdb]: IDLE"}}
[debug] [2026-02-27T17:30:25.282Z] Finishing up request with event=finish {"metadata":{"emulator":{"name":"functions"},"function":{"name":"us-central1-api"},"extension":{},"message":"Finishing up request with event=finish"}}
[debug] [2026-02-27T17:30:25.283Z] Finishing up request with event=close {"metadata":{"emulator":{"name":"functions"},"function":{"name":"us-central1-api"},"extension":{},"message":"Finishing up request with event=close"}}
[debug] [2026-02-27T17:30:25.283Z] [work-queue] {"queuedWork":[],"queueLength":0,"runningWork":[],"workRunningCount":0}
[debug] [2026-02-27T17:30:25.288Z] [work-queue] {"queuedWork":["/calorie-tracker-68b6d/us-central1/api/sync/push-2026-02-27T17:30:25.288Z"],"queueLength":1,"runningWork":[],"workRunningCount":0}
[debug] [2026-02-27T17:30:25.288Z] [work-queue] {"queuedWork":[],"queueLength":0,"runningWork":["/calorie-tracker-68b6d/us-central1/api/sync/push-2026-02-27T17:30:25.288Z"],"workRunningCount":1}
[debug] [2026-02-27T17:30:25.288Z] Accepted request OPTIONS /calorie-tracker-68b6d/us-central1/api/sync/push --> us-central1-api
[debug] [2026-02-27T17:30:25.289Z] [functions] Runtime ready! Sending request! {"metadata":{"emulator":{"name":"functions"},"message":"[functions] Runtime ready! Sending request!"}}
[debug] [2026-02-27T17:30:25.289Z] [functions] Got req.url=/calorie-tracker-68b6d/us-central1/api/sync/push, mapping to path=/sync/push {"metadata":{"emulator":{"name":"functions"},"message":"[functions] Got req.url=/calorie-tracker-68b6d/us-central1/api/sync/push, mapping to path=/sync/push"}}
[debug] [2026-02-27T17:30:25.289Z] [worker-pool] submitRequest(triggerId=us-central1-api) {"metadata":{"emulator":{"name":"functions"},"message":"[worker-pool] submitRequest(triggerId=us-central1-api)"}}
[info] i  functions: Beginning execution of "us-central1-api" {"metadata":{"emulator":{"name":"functions"},"function":{"name":"us-central1-api"},"extension":{},"message":"Beginning execution of \"us-central1-api\""}}
[debug] [2026-02-27T17:30:25.289Z] [worker-us-central1-api-fcb21639-4adb-4bf6-b53e-cfc90fcbccdb]: BUSY {"metadata":{"emulator":{"name":"functions"},"function":{"name":"us-central1-api"},"extension":{},"message":"[worker-us-central1-api-fcb21639-4adb-4bf6-b53e-cfc90fcbccdb]: BUSY"}}
[debug] [2026-02-27T17:30:25.290Z] Finishing up request with event=pause {"metadata":{"emulator":{"name":"functions"},"function":{"name":"us-central1-api"},"extension":{},"message":"Finishing up request with event=pause"}}
[info] i  functions: Finished "us-central1-api" in 1.334334ms {"metadata":{"emulator":{"name":"functions"},"function":{"name":"us-central1-api"},"extension":{},"message":"Finished \"us-central1-api\" in 1.334334ms"}}
[debug] [2026-02-27T17:30:25.291Z] [worker-us-central1-api-fcb21639-4adb-4bf6-b53e-cfc90fcbccdb]: IDLE {"metadata":{"emulator":{"name":"functions"},"function":{"name":"us-central1-api"},"extension":{},"message":"[worker-us-central1-api-fcb21639-4adb-4bf6-b53e-cfc90fcbccdb]: IDLE"}}
[debug] [2026-02-27T17:30:25.291Z] Finishing up request with event=finish {"metadata":{"emulator":{"name":"functions"},"function":{"name":"us-central1-api"},"extension":{},"message":"Finishing up request with event=finish"}}
[debug] [2026-02-27T17:30:25.291Z] Finishing up request with event=close {"metadata":{"emulator":{"name":"functions"},"function":{"name":"us-central1-api"},"extension":{},"message":"Finishing up request with event=close"}}
[debug] [2026-02-27T17:30:25.291Z] [work-queue] {"queuedWork":[],"queueLength":0,"runningWork":[],"workRunningCount":0}
[debug] [2026-02-27T17:30:25.291Z] [work-queue] {"queuedWork":["/calorie-tracker-68b6d/us-central1/api/sync/push-2026-02-27T17:30:25.291Z"],"queueLength":1,"runningWork":[],"workRunningCount":0}
[debug] [2026-02-27T17:30:25.291Z] [work-queue] {"queuedWork":[],"queueLength":0,"runningWork":["/calorie-tracker-68b6d/us-central1/api/sync/push-2026-02-27T17:30:25.291Z"],"workRunningCount":1}
[debug] [2026-02-27T17:30:25.292Z] Accepted request POST /calorie-tracker-68b6d/us-central1/api/sync/push --> us-central1-api
[debug] [2026-02-27T17:30:25.292Z] [functions] Runtime ready! Sending request! {"metadata":{"emulator":{"name":"functions"},"message":"[functions] Runtime ready! Sending request!"}}
[debug] [2026-02-27T17:30:25.292Z] [functions] Got req.url=/calorie-tracker-68b6d/us-central1/api/sync/push, mapping to path=/sync/push {"metadata":{"emulator":{"name":"functions"},"message":"[functions] Got req.url=/calorie-tracker-68b6d/us-central1/api/sync/push, mapping to path=/sync/push"}}
[debug] [2026-02-27T17:30:25.292Z] [worker-pool] submitRequest(triggerId=us-central1-api) {"metadata":{"emulator":{"name":"functions"},"message":"[worker-pool] submitRequest(triggerId=us-central1-api)"}}
[info] i  functions: Beginning execution of "us-central1-api" {"metadata":{"emulator":{"name":"functions"},"function":{"name":"us-central1-api"},"extension":{},"message":"Beginning execution of \"us-central1-api\""}}
[debug] [2026-02-27T17:30:25.292Z] [worker-us-central1-api-fcb21639-4adb-4bf6-b53e-cfc90fcbccdb]: BUSY {"metadata":{"emulator":{"name":"functions"},"function":{"name":"us-central1-api"},"extension":{},"message":"[worker-us-central1-api-fcb21639-4adb-4bf6-b53e-cfc90fcbccdb]: BUSY"}}
[info] >  {"authUid":"eKZa6c08UxUoVxEJ8BW8QxaNAW93","userId":"2d2db945-39da-4d93-8b2b-34667ae5c6be","severity":"INFO","message":"[sync] push"} {"user":{"authUid":"eKZa6c08UxUoVxEJ8BW8QxaNAW93","userId":"2d2db945-39da-4d93-8b2b-34667ae5c6be","severity":"INFO","message":"[sync] push"},"metadata":{"emulator":{"name":"functions"},"function":{"name":"us-central1-api"},"extension":{},"message":"\u001b[90m> \u001b[39m {\"authUid\":\"eKZa6c08UxUoVxEJ8BW8QxaNAW93\",\"userId\":\"2d2db945-39da-4d93-8b2b-34667ae5c6be\",\"severity\":\"INFO\",\"message\":\"[sync] push\"}"}}
[info] >  {"userId":"2d2db945-39da-4d93-8b2b-34667ae5c6be","severity":"INFO","message":"[sync] push done"} {"user":{"userId":"2d2db945-39da-4d93-8b2b-34667ae5c6be","severity":"INFO","message":"[sync] push done"},"metadata":{"emulator":{"name":"functions"},"function":{"name":"us-central1-api"},"extension":{},"message":"\u001b[90m> \u001b[39m {\"userId\":\"2d2db945-39da-4d93-8b2b-34667ae5c6be\",\"severity\":\"INFO\",\"message\":\"[sync] push done\"}"}}
[debug] [2026-02-27T17:30:25.324Z] Finishing up request with event=pause {"metadata":{"emulator":{"name":"functions"},"function":{"name":"us-central1-api"},"extension":{},"message":"Finishing up request with event=pause"}}
[info] i  functions: Finished "us-central1-api" in 31.87175ms {"metadata":{"emulator":{"name":"functions"},"function":{"name":"us-central1-api"},"extension":{},"message":"Finished \"us-central1-api\" in 31.87175ms"}}
[debug] [2026-02-27T17:30:25.324Z] [worker-us-central1-api-fcb21639-4adb-4bf6-b53e-cfc90fcbccdb]: IDLE {"metadata":{"emulator":{"name":"functions"},"function":{"name":"us-central1-api"},"extension":{},"message":"[worker-us-central1-api-fcb21639-4adb-4bf6-b53e-cfc90fcbccdb]: IDLE"}}
[debug] [2026-02-27T17:30:25.324Z] Finishing up request with event=finish {"metadata":{"emulator":{"name":"functions"},"function":{"name":"us-central1-api"},"extension":{},"message":"Finishing up request with event=finish"}}
[debug] [2026-02-27T17:30:25.325Z] Finishing up request with event=close {"metadata":{"emulator":{"name":"functions"},"function":{"name":"us-central1-api"},"extension":{},"message":"Finishing up request with event=close"}}
[debug] [2026-02-27T17:30:25.325Z] [work-queue] {"queuedWork":[],"queueLength":0,"runningWork":[],"workRunningCount":0}
[debug] [2026-02-27T17:30:58.889Z] [work-queue] {"queuedWork":["/calorie-tracker-68b6d/us-central1/api/profile/me-2026-02-27T17:30:58.889Z"],"queueLength":1,"runningWork":[],"workRunningCount":0}
[debug] [2026-02-27T17:30:58.890Z] [work-queue] {"queuedWork":[],"queueLength":0,"runningWork":["/calorie-tracker-68b6d/us-central1/api/profile/me-2026-02-27T17:30:58.889Z"],"workRunningCount":1}
[debug] [2026-02-27T17:30:58.890Z] Accepted request OPTIONS /calorie-tracker-68b6d/us-central1/api/profile/me --> us-central1-api
[debug] [2026-02-27T17:30:58.891Z] [functions] Runtime ready! Sending request! {"metadata":{"emulator":{"name":"functions"},"message":"[functions] Runtime ready! Sending request!"}}
[debug] [2026-02-27T17:30:58.891Z] [functions] Got req.url=/calorie-tracker-68b6d/us-central1/api/profile/me, mapping to path=/profile/me {"metadata":{"emulator":{"name":"functions"},"message":"[functions] Got req.url=/calorie-tracker-68b6d/us-central1/api/profile/me, mapping to path=/profile/me"}}
[debug] [2026-02-27T17:30:58.891Z] [worker-pool] submitRequest(triggerId=us-central1-api) {"metadata":{"emulator":{"name":"functions"},"message":"[worker-pool] submitRequest(triggerId=us-central1-api)"}}
[info] i  functions: Beginning execution of "us-central1-api" {"metadata":{"emulator":{"name":"functions"},"function":{"name":"us-central1-api"},"extension":{},"message":"Beginning execution of \"us-central1-api\""}}
[debug] [2026-02-27T17:30:58.892Z] [worker-us-central1-api-fcb21639-4adb-4bf6-b53e-cfc90fcbccdb]: BUSY {"metadata":{"emulator":{"name":"functions"},"function":{"name":"us-central1-api"},"extension":{},"message":"[worker-us-central1-api-fcb21639-4adb-4bf6-b53e-cfc90fcbccdb]: BUSY"}}
[debug] [2026-02-27T17:30:58.895Z] Finishing up request with event=pause {"metadata":{"emulator":{"name":"functions"},"function":{"name":"us-central1-api"},"extension":{},"message":"Finishing up request with event=pause"}}
[info] i  functions: Finished "us-central1-api" in 3.941875ms {"metadata":{"emulator":{"name":"functions"},"function":{"name":"us-central1-api"},"extension":{},"message":"Finished \"us-central1-api\" in 3.941875ms"}}
[debug] [2026-02-27T17:30:58.896Z] [worker-us-central1-api-fcb21639-4adb-4bf6-b53e-cfc90fcbccdb]: IDLE {"metadata":{"emulator":{"name":"functions"},"function":{"name":"us-central1-api"},"extension":{},"message":"[worker-us-central1-api-fcb21639-4adb-4bf6-b53e-cfc90fcbccdb]: IDLE"}}
[debug] [2026-02-27T17:30:58.896Z] Finishing up request with event=finish {"metadata":{"emulator":{"name":"functions"},"function":{"name":"us-central1-api"},"extension":{},"message":"Finishing up request with event=finish"}}
[debug] [2026-02-27T17:30:58.896Z] Finishing up request with event=close {"metadata":{"emulator":{"name":"functions"},"function":{"name":"us-central1-api"},"extension":{},"message":"Finishing up request with event=close"}}
[debug] [2026-02-27T17:30:58.896Z] [work-queue] {"queuedWork":[],"queueLength":0,"runningWork":[],"workRunningCount":0}
[debug] [2026-02-27T17:30:58.897Z] [work-queue] {"queuedWork":["/calorie-tracker-68b6d/us-central1/api/profile/me-2026-02-27T17:30:58.896Z"],"queueLength":1,"runningWork":[],"workRunningCount":0}
[debug] [2026-02-27T17:30:58.897Z] [work-queue] {"queuedWork":[],"queueLength":0,"runningWork":["/calorie-tracker-68b6d/us-central1/api/profile/me-2026-02-27T17:30:58.896Z"],"workRunningCount":1}
[debug] [2026-02-27T17:30:58.897Z] Accepted request GET /calorie-tracker-68b6d/us-central1/api/profile/me --> us-central1-api
[debug] [2026-02-27T17:30:58.899Z] [functions] Runtime ready! Sending request! {"metadata":{"emulator":{"name":"functions"},"message":"[functions] Runtime ready! Sending request!"}}
[debug] [2026-02-27T17:30:58.899Z] [functions] Got req.url=/calorie-tracker-68b6d/us-central1/api/profile/me, mapping to path=/profile/me {"metadata":{"emulator":{"name":"functions"},"message":"[functions] Got req.url=/calorie-tracker-68b6d/us-central1/api/profile/me, mapping to path=/profile/me"}}
[debug] [2026-02-27T17:30:58.899Z] [worker-pool] submitRequest(triggerId=us-central1-api) {"metadata":{"emulator":{"name":"functions"},"message":"[worker-pool] submitRequest(triggerId=us-central1-api)"}}
[info] i  functions: Beginning execution of "us-central1-api" {"metadata":{"emulator":{"name":"functions"},"function":{"name":"us-central1-api"},"extension":{},"message":"Beginning execution of \"us-central1-api\""}}
[debug] [2026-02-27T17:30:58.899Z] [worker-us-central1-api-fcb21639-4adb-4bf6-b53e-cfc90fcbccdb]: BUSY {"metadata":{"emulator":{"name":"functions"},"function":{"name":"us-central1-api"},"extension":{},"message":"[worker-us-central1-api-fcb21639-4adb-4bf6-b53e-cfc90fcbccdb]: BUSY"}}
[info] >  {"authUid":"eKZa6c08UxUoVxEJ8BW8QxaNAW93","severity":"INFO","message":"[profile] getOrCreateProfile"} {"user":{"authUid":"eKZa6c08UxUoVxEJ8BW8QxaNAW93","severity":"INFO","message":"[profile] getOrCreateProfile"},"metadata":{"emulator":{"name":"functions"},"function":{"name":"us-central1-api"},"extension":{},"message":"\u001b[90m> \u001b[39m {\"authUid\":\"eKZa6c08UxUoVxEJ8BW8QxaNAW93\",\"severity\":\"INFO\",\"message\":\"[profile] getOrCreateProfile\"}"}}
[debug] [2026-02-27T17:30:58.917Z] Finishing up request with event=pause {"metadata":{"emulator":{"name":"functions"},"function":{"name":"us-central1-api"},"extension":{},"message":"Finishing up request with event=pause"}}
[info] i  functions: Finished "us-central1-api" in 17.708209ms {"metadata":{"emulator":{"name":"functions"},"function":{"name":"us-central1-api"},"extension":{},"message":"Finished \"us-central1-api\" in 17.708209ms"}}
[debug] [2026-02-27T17:30:58.917Z] [worker-us-central1-api-fcb21639-4adb-4bf6-b53e-cfc90fcbccdb]: IDLE {"metadata":{"emulator":{"name":"functions"},"function":{"name":"us-central1-api"},"extension":{},"message":"[worker-us-central1-api-fcb21639-4adb-4bf6-b53e-cfc90fcbccdb]: IDLE"}}
[debug] [2026-02-27T17:30:58.917Z] Finishing up request with event=finish {"metadata":{"emulator":{"name":"functions"},"function":{"name":"us-central1-api"},"extension":{},"message":"Finishing up request with event=finish"}}
[debug] [2026-02-27T17:30:58.917Z] Finishing up request with event=close {"metadata":{"emulator":{"name":"functions"},"function":{"name":"us-central1-api"},"extension":{},"message":"Finishing up request with event=close"}}
[debug] [2026-02-27T17:30:58.917Z] [work-queue] {"queuedWork":[],"queueLength":0,"runningWork":[],"workRunningCount":0}
[debug] [2026-02-27T17:30:59.016Z] [work-queue] {"queuedWork":["/calorie-tracker-68b6d/us-central1/api/sync/pull-2026-02-27T17:30:59.016Z"],"queueLength":1,"runningWork":[],"workRunningCount":0}
[debug] [2026-02-27T17:30:59.016Z] [work-queue] {"queuedWork":[],"queueLength":0,"runningWork":["/calorie-tracker-68b6d/us-central1/api/sync/pull-2026-02-27T17:30:59.016Z"],"workRunningCount":1}
[debug] [2026-02-27T17:30:59.017Z] Accepted request OPTIONS /calorie-tracker-68b6d/us-central1/api/sync/pull?userId=2d2db945-39da-4d93-8b2b-34667ae5c6be&since=1772213425250 --> us-central1-api
[debug] [2026-02-27T17:30:59.018Z] [functions] Runtime ready! Sending request! {"metadata":{"emulator":{"name":"functions"},"message":"[functions] Runtime ready! Sending request!"}}
[debug] [2026-02-27T17:30:59.018Z] [functions] Got req.url=/calorie-tracker-68b6d/us-central1/api/sync/pull?userId=2d2db945-39da-4d93-8b2b-34667ae5c6be&since=1772213425250, mapping to path=/sync/pull?userId=2d2db945-39da-4d93-8b2b-34667ae5c6be&since=1772213425250 {"metadata":{"emulator":{"name":"functions"},"message":"[functions] Got req.url=/calorie-tracker-68b6d/us-central1/api/sync/pull?userId=2d2db945-39da-4d93-8b2b-34667ae5c6be&since=1772213425250, mapping to path=/sync/pull?userId=2d2db945-39da-4d93-8b2b-34667ae5c6be&since=1772213425250"}}
[debug] [2026-02-27T17:30:59.018Z] [worker-pool] submitRequest(triggerId=us-central1-api) {"metadata":{"emulator":{"name":"functions"},"message":"[worker-pool] submitRequest(triggerId=us-central1-api)"}}
[info] i  functions: Beginning execution of "us-central1-api" {"metadata":{"emulator":{"name":"functions"},"function":{"name":"us-central1-api"},"extension":{},"message":"Beginning execution of \"us-central1-api\""}}
[debug] [2026-02-27T17:30:59.018Z] [worker-us-central1-api-fcb21639-4adb-4bf6-b53e-cfc90fcbccdb]: BUSY {"metadata":{"emulator":{"name":"functions"},"function":{"name":"us-central1-api"},"extension":{},"message":"[worker-us-central1-api-fcb21639-4adb-4bf6-b53e-cfc90fcbccdb]: BUSY"}}
[debug] [2026-02-27T17:30:59.019Z] Finishing up request with event=pause {"metadata":{"emulator":{"name":"functions"},"function":{"name":"us-central1-api"},"extension":{},"message":"Finishing up request with event=pause"}}
[info] i  functions: Finished "us-central1-api" in 1.275625ms {"metadata":{"emulator":{"name":"functions"},"function":{"name":"us-central1-api"},"extension":{},"message":"Finished \"us-central1-api\" in 1.275625ms"}}
[debug] [2026-02-27T17:30:59.020Z] [worker-us-central1-api-fcb21639-4adb-4bf6-b53e-cfc90fcbccdb]: IDLE {"metadata":{"emulator":{"name":"functions"},"function":{"name":"us-central1-api"},"extension":{},"message":"[worker-us-central1-api-fcb21639-4adb-4bf6-b53e-cfc90fcbccdb]: IDLE"}}
[debug] [2026-02-27T17:30:59.020Z] Finishing up request with event=finish {"metadata":{"emulator":{"name":"functions"},"function":{"name":"us-central1-api"},"extension":{},"message":"Finishing up request with event=finish"}}
[debug] [2026-02-27T17:30:59.020Z] Finishing up request with event=close {"metadata":{"emulator":{"name":"functions"},"function":{"name":"us-central1-api"},"extension":{},"message":"Finishing up request with event=close"}}
[debug] [2026-02-27T17:30:59.020Z] [work-queue] {"queuedWork":[],"queueLength":0,"runningWork":[],"workRunningCount":0}
[debug] [2026-02-27T17:30:59.021Z] [work-queue] {"queuedWork":["/calorie-tracker-68b6d/us-central1/api/sync/pull-2026-02-27T17:30:59.021Z"],"queueLength":1,"runningWork":[],"workRunningCount":0}
[debug] [2026-02-27T17:30:59.021Z] [work-queue] {"queuedWork":[],"queueLength":0,"runningWork":["/calorie-tracker-68b6d/us-central1/api/sync/pull-2026-02-27T17:30:59.021Z"],"workRunningCount":1}
[debug] [2026-02-27T17:30:59.022Z] Accepted request GET /calorie-tracker-68b6d/us-central1/api/sync/pull?userId=2d2db945-39da-4d93-8b2b-34667ae5c6be&since=1772213425250 --> us-central1-api
[debug] [2026-02-27T17:30:59.023Z] [functions] Runtime ready! Sending request! {"metadata":{"emulator":{"name":"functions"},"message":"[functions] Runtime ready! Sending request!"}}
[debug] [2026-02-27T17:30:59.023Z] [functions] Got req.url=/calorie-tracker-68b6d/us-central1/api/sync/pull?userId=2d2db945-39da-4d93-8b2b-34667ae5c6be&since=1772213425250, mapping to path=/sync/pull?userId=2d2db945-39da-4d93-8b2b-34667ae5c6be&since=1772213425250 {"metadata":{"emulator":{"name":"functions"},"message":"[functions] Got req.url=/calorie-tracker-68b6d/us-central1/api/sync/pull?userId=2d2db945-39da-4d93-8b2b-34667ae5c6be&since=1772213425250, mapping to path=/sync/pull?userId=2d2db945-39da-4d93-8b2b-34667ae5c6be&since=1772213425250"}}
[debug] [2026-02-27T17:30:59.023Z] [worker-pool] submitRequest(triggerId=us-central1-api) {"metadata":{"emulator":{"name":"functions"},"message":"[worker-pool] submitRequest(triggerId=us-central1-api)"}}
[info] i  functions: Beginning execution of "us-central1-api" {"metadata":{"emulator":{"name":"functions"},"function":{"name":"us-central1-api"},"extension":{},"message":"Beginning execution of \"us-central1-api\""}}
[debug] [2026-02-27T17:30:59.024Z] [worker-us-central1-api-fcb21639-4adb-4bf6-b53e-cfc90fcbccdb]: BUSY {"metadata":{"emulator":{"name":"functions"},"function":{"name":"us-central1-api"},"extension":{},"message":"[worker-us-central1-api-fcb21639-4adb-4bf6-b53e-cfc90fcbccdb]: BUSY"}}
[info] >  {"authUid":"eKZa6c08UxUoVxEJ8BW8QxaNAW93","userId":"2d2db945-39da-4d93-8b2b-34667ae5c6be","since":1772213425250,"severity":"INFO","message":"[sync] pull"} {"user":{"authUid":"eKZa6c08UxUoVxEJ8BW8QxaNAW93","userId":"2d2db945-39da-4d93-8b2b-34667ae5c6be","since":1772213425250,"severity":"INFO","message":"[sync] pull"},"metadata":{"emulator":{"name":"functions"},"function":{"name":"us-central1-api"},"extension":{},"message":"\u001b[90m> \u001b[39m {\"authUid\":\"eKZa6c08UxUoVxEJ8BW8QxaNAW93\",\"userId\":\"2d2db945-39da-4d93-8b2b-34667ae5c6be\",\"since\":1772213425250,\"severity\":\"INFO\",\"message\":\"[sync] pull\"}"}}
[info] >  {"userId":"2d2db945-39da-4d93-8b2b-34667ae5c6be","since":1772213425250,"counts":{"calories_total_burned":{"c":0,"u":0,"d":0},"ios_health_tracker":{"c":0,"u":0,"d":0},"calorie_expenditure_items":{"c":1,"u":0,"d":0},"goals":{"c":0,"u":0,"d":0}},"severity":"INFO","message":"[sync] pull done"} {"user":{"userId":"2d2db945-39da-4d93-8b2b-34667ae5c6be","since":1772213425250,"counts":{"calories_total_burned":{"c":0,"u":0,"d":0},"ios_health_tracker":{"c":0,"u":0,"d":0},"calorie_expenditure_items":{"c":1,"u":0,"d":0},"goals":{"c":0,"u":0,"d":0}},"severity":"INFO","message":"[sync] pull done"},"metadata":{"emulator":{"name":"functions"},"function":{"name":"us-central1-api"},"extension":{},"message":"\u001b[90m> \u001b[39m {\"userId\":\"2d2db945-39da-4d93-8b2b-34667ae5c6be\",\"since\":1772213425250,\"counts\":{\"calories_total_burned\":{\"c\":0,\"u\":0,\"d\":0},\"ios_health_tracker\":{\"c\":0,\"u\":0,\"d\":0},\"calorie_expenditure_items\":{\"c\":1,\"u\":0,\"d\":0},\"goals\":{\"c\":0,\"u\":0,\"d\":0}},\"severity\":\"INFO\",\"message\":\"[sync] pull done\"}"}}
[debug] [2026-02-27T17:30:59.067Z] Finishing up request with event=pause {"metadata":{"emulator":{"name":"functions"},"function":{"name":"us-central1-api"},"extension":{},"message":"Finishing up request with event=pause"}}
[info] i  functions: Finished "us-central1-api" in 43.333916ms {"metadata":{"emulator":{"name":"functions"},"function":{"name":"us-central1-api"},"extension":{},"message":"Finished \"us-central1-api\" in 43.333916ms"}}
[debug] [2026-02-27T17:30:59.067Z] [worker-us-central1-api-fcb21639-4adb-4bf6-b53e-cfc90fcbccdb]: IDLE {"metadata":{"emulator":{"name":"functions"},"function":{"name":"us-central1-api"},"extension":{},"message":"[worker-us-central1-api-fcb21639-4adb-4bf6-b53e-cfc90fcbccdb]: IDLE"}}
[debug] [2026-02-27T17:30:59.067Z] Finishing up request with event=finish {"metadata":{"emulator":{"name":"functions"},"function":{"name":"us-central1-api"},"extension":{},"message":"Finishing up request with event=finish"}}
[debug] [2026-02-27T17:30:59.067Z] Finishing up request with event=close {"metadata":{"emulator":{"name":"functions"},"function":{"name":"us-central1-api"},"extension":{},"message":"Finishing up request with event=close"}}
[debug] [2026-02-27T17:30:59.067Z] [work-queue] {"queuedWork":[],"queueLength":0,"runningWork":[],"workRunningCount":0}
